0 verbose cli /usr/bin/node /usr/bin/npm
1 info using npm@11.11.0
2 info using node@v22.22.1
3 silly config load:file:/usr/lib/node_modules/npm/npmrc
4 silly config load:file:/expo-project/.npmrc
5 silly config load:file:/usr/etc/npmrc
6 verbose title npm install expo-barcode-generator@^5.0.0 expo-camera@~16.0.18
7 verbose argv "install" "expo-barcode-generator@^5.0.0" "expo-camera@~16.0.18" "--legacy-peer-deps"
8 verbose logfile logs-max:10 dir:/expo-project/.npm/_logs/2026-04-28T22_15_47_715Z-
9 verbose logfile /expo-project/.npm/_logs/2026-04-28T22_15_47_715Z-debug-0.log
10 warn Unknown user config "node-linker". This will stop working in the next major version of npm. See `npm help npmrc` for supported config options.
11 silly logfile done cleaning log files
12 silly packumentCache heap:4345298944 maxSize:1086324736 maxEntrySize:543162368
13 silly idealTree buildDeps
14 silly fetch manifest expo-barcode-generator@^5.0.0
15 silly packumentCache full:https://registry.npmjs.org/expo-barcode-generator cache-miss
16 http cache https://registry.npmjs.org/expo-barcode-generator 11ms (cache hit)
17 silly packumentCache full:https://registry.npmjs.org/expo-barcode-generator set size:28239 disposed:false
18 silly fetch manifest expo-camera@~16.0.18
19 silly packumentCache full:https://registry.npmjs.org/expo-camera cache-miss
20 http cache https://registry.npmjs.org/expo-camera 6ms (cache hit)
21 silly packumentCache full:https://registry.npmjs.org/expo-camera set size:1075221 disposed:false
22 silly placeDep ROOT expo-barcode-generator@ OK for: Newly@1.0.0 want: ^5.0.0
23 silly placeDep ROOT expo-camera@16.0.18 OK for: Newly@1.0.0 want: ~16.0.18
24 silly fetch manifest @expo/prebuild-config@^54.0.8
25 silly packumentCache full:https://registry.npmjs.org/@expo%2fprebuild-config cache-miss
26 http cache https://registry.npmjs.org/@expo%2fprebuild-config 7ms (cache hit)
27 silly packumentCache full:https://registry.npmjs.org/@expo%2fprebuild-config set size:1076991 disposed:false
28 silly placeDep node_modules/@expo/cli @expo/prebuild-config@54.0.8 OK for: @expo/cli@54.0.23 want: ^54.0.8
29 silly fetch manifest @expo/config-types@^54.0.10
30 silly packumentCache full:https://registry.npmjs.org/@expo%2fconfig-types cache-miss
31 silly fetch manifest @react-native/normalize-colors@0.81.5
32 silly packumentCache full:https://registry.npmjs.org/@react-native%2fnormalize-colors cache-miss
33 http cache https://registry.npmjs.org/@expo%2fconfig-types 8ms (cache hit)
34 silly packumentCache full:https://registry.npmjs.org/@expo%2fconfig-types set size:731318 disposed:false
35 http cache https://registry.npmjs.org/@react-native%2fnormalize-colors 17ms (cache hit)
36 silly packumentCache full:https://registry.npmjs.org/@react-native%2fnormalize-colors set size:1841323 disposed:false
37 silly fetch manifest fsevents@~2.3.2
38 silly packumentCache full:https://registry.npmjs.org/fsevents cache-miss
39 http cache https://registry.npmjs.org/fsevents 3ms (cache hit)
40 silly packumentCache full:https://registry.npmjs.org/fsevents set size:182472 disposed:false
41 silly placeDep ROOT fsevents@2.3.3 OK for: chokidar@3.6.0 want: ~2.3.2
42 silly fetch manifest eslint@^9.24.0
43 silly packumentCache full:https://registry.npmjs.org/eslint cache-miss
44 http cache https://registry.npmjs.org/eslint 9ms (cache hit)
45 silly packumentCache full:https://registry.npmjs.org/eslint set size:1983515 disposed:false
46 silly placeDep node_modules/eslint-plugin-expo eslint@9.39.4 OK for: eslint-plugin-expo@1.0.0 want: ^9.24.0
47 silly fetch manifest ajv@^6.14.0
48 silly packumentCache full:https://registry.npmjs.org/ajv cache-miss
49 silly fetch manifest espree@^10.4.0
50 silly packumentCache full:https://registry.npmjs.org/espree cache-miss
51 silly fetch manifest find-up@^5.0.0
52 silly packumentCache full:https://registry.npmjs.org/find-up cache-miss
53 silly fetch manifest @eslint/core@^0.17.0
54 silly packumentCache full:https://registry.npmjs.org/@eslint%2fcore cache-miss
55 silly fetch manifest eslint-scope@^8.4.0
56 silly packumentCache full:https://registry.npmjs.org/eslint-scope cache-miss
57 silly fetch manifest @humanfs/node@^0.16.6
58 silly packumentCache full:https://registry.npmjs.org/@humanfs%2fnode cache-miss
59 silly fetch manifest @eslint/eslintrc@^3.3.5
60 silly packumentCache full:https://registry.npmjs.org/@eslint%2feslintrc cache-miss
61 silly fetch manifest file-entry-cache@^8.0.0
62 silly packumentCache full:https://registry.npmjs.org/file-entry-cache cache-miss
63 silly fetch manifest @eslint/plugin-kit@^0.4.1
64 silly packumentCache full:https://registry.npmjs.org/@eslint%2fplugin-kit cache-miss
65 silly fetch manifest eslint-visitor-keys@^4.2.1
66 silly packumentCache full:https://registry.npmjs.org/eslint-visitor-keys cache-miss
67 silly fetch manifest @eslint/config-array@^0.21.2
68 silly packumentCache full:https://registry.npmjs.org/@eslint%2fconfig-array cache-miss
69 silly fetch manifest @humanwhocodes/retry@^0.4.2
70 silly packumentCache full:https://registry.npmjs.org/@humanwhocodes%2fretry cache-miss
71 silly fetch manifest @eslint/config-helpers@^0.4.2
72 silly packumentCache full:https://registry.npmjs.org/@eslint%2fconfig-helpers cache-miss
73 http cache https://registry.npmjs.org/ajv 20ms (cache hit)
74 silly packumentCache full:https://registry.npmjs.org/ajv set size:1142658 disposed:false
75 http cache https://registry.npmjs.org/@eslint%2fcore 29ms (cache hit)
76 silly packumentCache full:https://registry.npmjs.org/@eslint%2fcore set size:58023 disposed:false
77 http cache https://registry.npmjs.org/@eslint%2fconfig-array 28ms (cache hit)
78 silly packumentCache full:https://registry.npmjs.org/@eslint%2fconfig-array set size:74140 disposed:false
79 http cache https://registry.npmjs.org/@eslint%2fplugin-kit 31ms (cache hit)
80 silly packumentCache full:https://registry.npmjs.org/@eslint%2fplugin-kit set size:73270 disposed:false
81 http cache https://registry.npmjs.org/file-entry-cache 32ms (cache hit)
82 silly packumentCache full:https://registry.npmjs.org/file-entry-cache set size:151480 disposed:false
83 http cache https://registry.npmjs.org/espree 37ms (cache hit)
84 silly packumentCache full:https://registry.npmjs.org/espree set size:326080 disposed:false
85 http cache https://registry.npmjs.org/find-up 39ms (cache hit)
86 silly packumentCache full:https://registry.npmjs.org/find-up set size:42620 disposed:false
87 http cache https://registry.npmjs.org/@eslint%2feslintrc 39ms (cache hit)
88 silly packumentCache full:https://registry.npmjs.org/@eslint%2feslintrc set size:168674 disposed:false
89 http cache https://registry.npmjs.org/@humanwhocodes%2fretry 40ms (cache hit)
90 silly packumentCache full:https://registry.npmjs.org/@humanwhocodes%2fretry set size:42348 disposed:false
91 http cache https://registry.npmjs.org/@humanfs%2fnode 42ms (cache hit)
92 silly packumentCache full:https://registry.npmjs.org/@humanfs%2fnode set size:39629 disposed:false
93 http cache https://registry.npmjs.org/eslint-scope 44ms (cache hit)
94 silly packumentCache full:https://registry.npmjs.org/eslint-scope set size:98867 disposed:false
95 http cache https://registry.npmjs.org/eslint-visitor-keys 44ms (cache hit)
96 silly packumentCache full:https://registry.npmjs.org/eslint-visitor-keys set size:69949 disposed:false
97 http cache https://registry.npmjs.org/@eslint%2fconfig-helpers 45ms (cache hit)
98 silly packumentCache full:https://registry.npmjs.org/@eslint%2fconfig-helpers set size:47979 disposed:false
99 silly placeDep node_modules/expo-splash-screen @expo/prebuild-config@54.0.8 OK for: expo-splash-screen@31.0.13 want: ^54.0.8
100 silly fetch manifest lightningcss-darwin-x64@1.32.0
101 silly packumentCache full:https://registry.npmjs.org/lightningcss-darwin-x64 cache-miss
102 http cache https://registry.npmjs.org/lightningcss-darwin-x64 2ms (cache hit)
103 silly packumentCache full:https://registry.npmjs.org/lightningcss-darwin-x64 set size:78694 disposed:false
104 silly fetch manifest lightningcss-win32-x64-msvc@1.32.0
105 silly packumentCache full:https://registry.npmjs.org/lightningcss-win32-x64-msvc cache-miss
106 http cache https://registry.npmjs.org/lightningcss-win32-x64-msvc 2ms (cache hit)
107 silly packumentCache full:https://registry.npmjs.org/lightningcss-win32-x64-msvc set size:79645 disposed:false
108 silly fetch manifest lightningcss-win32-arm64-msvc@1.32.0
109 silly packumentCache full:https://registry.npmjs.org/lightningcss-win32-arm64-msvc cache-miss
110 http cache https://registry.npmjs.org/lightningcss-win32-arm64-msvc 2ms (cache hit)
111 silly packumentCache full:https://registry.npmjs.org/lightningcss-win32-arm64-msvc set size:26629 disposed:false
112 silly fetch manifest lightningcss-darwin-arm64@1.32.0
113 silly packumentCache full:https://registry.npmjs.org/lightningcss-darwin-arm64 cache-miss
114 http cache https://registry.npmjs.org/lightningcss-darwin-arm64 2ms (cache hit)
115 silly packumentCache full:https://registry.npmjs.org/lightningcss-darwin-arm64 set size:79276 disposed:false
116 silly fetch manifest lightningcss-linux-arm64-gnu@1.32.0
117 silly packumentCache full:https://registry.npmjs.org/lightningcss-linux-arm64-gnu cache-miss
118 http cache https://registry.npmjs.org/lightningcss-linux-arm64-gnu 2ms (cache hit)
119 silly packumentCache full:https://registry.npmjs.org/lightningcss-linux-arm64-gnu set size:80669 disposed:false
120 silly fetch manifest lightningcss-linux-arm-gnueabihf@1.32.0
121 silly packumentCache full:https://registry.npmjs.org/lightningcss-linux-arm-gnueabihf cache-miss
122 http cache https://registry.npmjs.org/lightningcss-linux-arm-gnueabihf 4ms (cache hit)
123 silly packumentCache full:https://registry.npmjs.org/lightningcss-linux-arm-gnueabihf set size:80903 disposed:false
124 silly fetch manifest lightningcss-linux-arm64-musl@1.32.0
125 silly packumentCache full:https://registry.npmjs.org/lightningcss-linux-arm64-musl cache-miss
126 http cache https://registry.npmjs.org/lightningcss-linux-arm64-musl 2ms (cache hit)
127 silly packumentCache full:https://registry.npmjs.org/lightningcss-linux-arm64-musl set size:80887 disposed:false
128 silly fetch manifest lightningcss-linux-x64-musl@1.32.0
129 silly packumentCache full:https://registry.npmjs.org/lightningcss-linux-x64-musl cache-miss
130 http cache https://registry.npmjs.org/lightningcss-linux-x64-musl 2ms (cache hit)
131 silly packumentCache full:https://registry.npmjs.org/lightningcss-linux-x64-musl set size:80313 disposed:false
132 silly fetch manifest lightningcss-freebsd-x64@1.32.0
133 silly packumentCache full:https://registry.npmjs.org/lightningcss-freebsd-x64 cache-miss
134 http cache https://registry.npmjs.org/lightningcss-freebsd-x64 2ms (cache hit)
135 silly packumentCache full:https://registry.npmjs.org/lightningcss-freebsd-x64 set size:42877 disposed:false
136 silly fetch manifest lightningcss-android-arm64@1.32.0
137 silly packumentCache full:https://registry.npmjs.org/lightningcss-android-arm64 cache-miss
138 http cache https://registry.npmjs.org/lightningcss-android-arm64 2ms (cache hit)
139 silly packumentCache full:https://registry.npmjs.org/lightningcss-android-arm64 set size:7671 disposed:false
140 silly placeDep ROOT lightningcss-android-arm64@1.32.0 OK for: lightningcss@1.32.0 want: 1.32.0
141 silly placeDep ROOT lightningcss-darwin-arm64@1.32.0 OK for: lightningcss@1.32.0 want: 1.32.0
142 silly placeDep ROOT lightningcss-darwin-x64@1.32.0 OK for: lightningcss@1.32.0 want: 1.32.0
143 silly placeDep ROOT lightningcss-freebsd-x64@1.32.0 OK for: lightningcss@1.32.0 want: 1.32.0
144 silly placeDep ROOT lightningcss-linux-arm-gnueabihf@1.32.0 OK for: lightningcss@1.32.0 want: 1.32.0
145 silly placeDep ROOT lightningcss-linux-arm64-gnu@1.32.0 OK for: lightningcss@1.32.0 want: 1.32.0
146 silly placeDep ROOT lightningcss-linux-arm64-musl@1.32.0 OK for: lightningcss@1.32.0 want: 1.32.0
147 silly placeDep ROOT lightningcss-linux-x64-musl@1.32.0 OK for: lightningcss@1.32.0 want: 1.32.0
148 silly placeDep ROOT lightningcss-win32-arm64-msvc@1.32.0 OK for: lightningcss@1.32.0 want: 1.32.0
149 silly placeDep ROOT lightningcss-win32-x64-msvc@1.32.0 OK for: lightningcss@1.32.0 want: 1.32.0
150 silly fetch manifest @unrs/resolver-binding-win32-x64-msvc@1.11.1
151 silly packumentCache full:https://registry.npmjs.org/@unrs%2fresolver-binding-win32-x64-msvc cache-miss
152 http fetch GET 200 https://registry.npmjs.org/@unrs%2fresolver-binding-win32-x64-msvc 101ms (cache miss)
153 silly packumentCache full:https://registry.npmjs.org/@unrs%2fresolver-binding-win32-x64-msvc set size:undefined disposed:false
154 silly fetch manifest @unrs/resolver-binding-win32-arm64-msvc@1.11.1
155 silly packumentCache full:https://registry.npmjs.org/@unrs%2fresolver-binding-win32-arm64-msvc cache-miss
156 http fetch GET 200 https://registry.npmjs.org/@unrs%2fresolver-binding-win32-arm64-msvc 65ms (cache miss)
157 silly packumentCache full:https://registry.npmjs.org/@unrs%2fresolver-binding-win32-arm64-msvc set size:undefined disposed:false
158 silly fetch manifest @unrs/resolver-binding-win32-ia32-msvc@1.11.1
159 silly packumentCache full:https://registry.npmjs.org/@unrs%2fresolver-binding-win32-ia32-msvc cache-miss
160 http fetch GET 200 https://registry.npmjs.org/@unrs%2fresolver-binding-win32-ia32-msvc 62ms (cache miss)
161 silly packumentCache full:https://registry.npmjs.org/@unrs%2fresolver-binding-win32-ia32-msvc set size:undefined disposed:false
162 silly fetch manifest @unrs/resolver-binding-linux-x64-musl@1.11.1
163 silly packumentCache full:https://registry.npmjs.org/@unrs%2fresolver-binding-linux-x64-musl cache-miss
164 http fetch GET 200 https://registry.npmjs.org/@unrs%2fresolver-binding-linux-x64-musl 45ms (cache miss)
165 silly packumentCache full:https://registry.npmjs.org/@unrs%2fresolver-binding-linux-x64-musl set size:undefined disposed:false
166 silly fetch manifest @unrs/resolver-binding-freebsd-x64@1.11.1
167 silly packumentCache full:https://registry.npmjs.org/@unrs%2fresolver-binding-freebsd-x64 cache-miss
168 http fetch GET 200 https://registry.npmjs.org/@unrs%2fresolver-binding-freebsd-x64 59ms (cache miss)
169 silly packumentCache full:https://registry.npmjs.org/@unrs%2fresolver-binding-freebsd-x64 set size:undefined disposed:false
170 silly fetch manifest @unrs/resolver-binding-android-arm64@1.11.1
171 silly packumentCache full:https://registry.npmjs.org/@unrs%2fresolver-binding-android-arm64 cache-miss
172 http fetch GET 200 https://registry.npmjs.org/@unrs%2fresolver-binding-android-arm64 43ms (cache miss)
173 silly packumentCache full:https://registry.npmjs.org/@unrs%2fresolver-binding-android-arm64 set size:undefined disposed:false
174 silly fetch manifest @unrs/resolver-binding-linux-arm64-gnu@1.11.1
175 silly packumentCache full:https://registry.npmjs.org/@unrs%2fresolver-binding-linux-arm64-gnu cache-miss
176 http fetch GET 200 https://registry.npmjs.org/@unrs%2fresolver-binding-linux-arm64-gnu 42ms (cache miss)
177 silly packumentCache full:https://registry.npmjs.org/@unrs%2fresolver-binding-linux-arm64-gnu set size:undefined disposed:false
178 silly fetch manifest @unrs/resolver-binding-linux-arm64-musl@1.11.1
179 silly packumentCache full:https://registry.npmjs.org/@unrs%2fresolver-binding-linux-arm64-musl cache-miss
180 http fetch GET 200 https://registry.npmjs.org/@unrs%2fresolver-binding-linux-arm64-musl 58ms (cache miss)
181 silly packumentCache full:https://registry.npmjs.org/@unrs%2fresolver-binding-linux-arm64-musl set size:undefined disposed:false
182 silly fetch manifest @unrs/resolver-binding-android-arm-eabi@1.11.1
183 silly packumentCache full:https://registry.npmjs.org/@unrs%2fresolver-binding-android-arm-eabi cache-miss
184 http fetch GET 200 https://registry.npmjs.org/@unrs%2fresolver-binding-android-arm-eabi 46ms (cache miss)
185 silly packumentCache full:https://registry.npmjs.org/@unrs%2fresolver-binding-android-arm-eabi set size:undefined disposed:false
186 silly fetch manifest @unrs/resolver-binding-linux-arm-gnueabihf@1.11.1
187 silly packumentCache full:https://registry.npmjs.org/@unrs%2fresolver-binding-linux-arm-gnueabihf cache-miss
188 http fetch GET 200 https://registry.npmjs.org/@unrs%2fresolver-binding-linux-arm-gnueabihf 52ms (cache miss)
189 silly packumentCache full:https://registry.npmjs.org/@unrs%2fresolver-binding-linux-arm-gnueabihf set size:undefined disposed:false
190 silly fetch manifest @unrs/resolver-binding-linux-arm-musleabihf@1.11.1
191 silly packumentCache full:https://registry.npmjs.org/@unrs%2fresolver-binding-linux-arm-musleabihf cache-miss
192 http fetch GET 200 https://registry.npmjs.org/@unrs%2fresolver-binding-linux-arm-musleabihf 58ms (cache miss)
193 silly packumentCache full:https://registry.npmjs.org/@unrs%2fresolver-binding-linux-arm-musleabihf set size:undefined disposed:false
194 silly fetch manifest @unrs/resolver-binding-linux-ppc64-gnu@1.11.1
195 silly packumentCache full:https://registry.npmjs.org/@unrs%2fresolver-binding-linux-ppc64-gnu cache-miss
196 http fetch GET 200 https://registry.npmjs.org/@unrs%2fresolver-binding-linux-ppc64-gnu 54ms (cache miss)
197 silly packumentCache full:https://registry.npmjs.org/@unrs%2fresolver-binding-linux-ppc64-gnu set size:undefined disposed:false
198 silly fetch manifest @unrs/resolver-binding-linux-riscv64-gnu@1.11.1
199 silly packumentCache full:https://registry.npmjs.org/@unrs%2fresolver-binding-linux-riscv64-gnu cache-miss
200 http fetch GET 200 https://registry.npmjs.org/@unrs%2fresolver-binding-linux-riscv64-gnu 41ms (cache miss)
201 silly packumentCache full:https://registry.npmjs.org/@unrs%2fresolver-binding-linux-riscv64-gnu set size:undefined disposed:false
202 silly fetch manifest @unrs/resolver-binding-linux-riscv64-musl@1.11.1
203 silly packumentCache full:https://registry.npmjs.org/@unrs%2fresolver-binding-linux-riscv64-musl cache-miss
204 http fetch GET 200 https://registry.npmjs.org/@unrs%2fresolver-binding-linux-riscv64-musl 47ms (cache miss)
205 silly packumentCache full:https://registry.npmjs.org/@unrs%2fresolver-binding-linux-riscv64-musl set size:undefined disposed:false
206 silly fetch manifest @unrs/resolver-binding-linux-s390x-gnu@1.11.1
207 silly packumentCache full:https://registry.npmjs.org/@unrs%2fresolver-binding-linux-s390x-gnu cache-miss
208 http fetch GET 200 https://registry.npmjs.org/@unrs%2fresolver-binding-linux-s390x-gnu 54ms (cache miss)
209 silly packumentCache full:https://registry.npmjs.org/@unrs%2fresolver-binding-linux-s390x-gnu set size:undefined disposed:false
210 silly fetch manifest @unrs/resolver-binding-darwin-x64@1.11.1
211 silly packumentCache full:https://registry.npmjs.org/@unrs%2fresolver-binding-darwin-x64 cache-miss
212 http fetch GET 200 https://registry.npmjs.org/@unrs%2fresolver-binding-darwin-x64 51ms (cache miss)
213 silly packumentCache full:https://registry.npmjs.org/@unrs%2fresolver-binding-darwin-x64 set size:undefined disposed:false
214 silly fetch manifest @unrs/resolver-binding-darwin-arm64@1.11.1
215 silly packumentCache full:https://registry.npmjs.org/@unrs%2fresolver-binding-darwin-arm64 cache-miss
216 http fetch GET 200 https://registry.npmjs.org/@unrs%2fresolver-binding-darwin-arm64 131ms (cache miss)
217 silly packumentCache full:https://registry.npmjs.org/@unrs%2fresolver-binding-darwin-arm64 set size:undefined disposed:false
218 silly fetch manifest @unrs/resolver-binding-wasm32-wasi@1.11.1
219 silly packumentCache full:https://registry.npmjs.org/@unrs%2fresolver-binding-wasm32-wasi cache-miss
220 http fetch GET 200 https://registry.npmjs.org/@unrs%2fresolver-binding-wasm32-wasi 52ms (cache miss)
221 silly packumentCache full:https://registry.npmjs.org/@unrs%2fresolver-binding-wasm32-wasi set size:undefined disposed:false
222 silly placeDep ROOT @unrs/resolver-binding-android-arm-eabi@1.11.1 OK for: unrs-resolver@1.11.1 want: 1.11.1
223 silly placeDep ROOT @unrs/resolver-binding-android-arm64@1.11.1 OK for: unrs-resolver@1.11.1 want: 1.11.1
224 silly placeDep ROOT @unrs/resolver-binding-darwin-arm64@1.11.1 OK for: unrs-resolver@1.11.1 want: 1.11.1
225 silly placeDep ROOT @unrs/resolver-binding-darwin-x64@1.11.1 OK for: unrs-resolver@1.11.1 want: 1.11.1
226 silly placeDep ROOT @unrs/resolver-binding-freebsd-x64@1.11.1 OK for: unrs-resolver@1.11.1 want: 1.11.1
227 silly placeDep ROOT @unrs/resolver-binding-linux-arm-gnueabihf@1.11.1 OK for: unrs-resolver@1.11.1 want: 1.11.1
228 silly placeDep ROOT @unrs/resolver-binding-linux-arm-musleabihf@1.11.1 OK for: unrs-resolver@1.11.1 want: 1.11.1
229 silly placeDep ROOT @unrs/resolver-binding-linux-arm64-gnu@1.11.1 OK for: unrs-resolver@1.11.1 want: 1.11.1
230 silly placeDep ROOT @unrs/resolver-binding-linux-arm64-musl@1.11.1 OK for: unrs-resolver@1.11.1 want: 1.11.1
231 silly placeDep ROOT @unrs/resolver-binding-linux-ppc64-gnu@1.11.1 OK for: unrs-resolver@1.11.1 want: 1.11.1
232 silly placeDep ROOT @unrs/resolver-binding-linux-riscv64-gnu@1.11.1 OK for: unrs-resolver@1.11.1 want: 1.11.1
233 silly placeDep ROOT @unrs/resolver-binding-linux-riscv64-musl@1.11.1 OK for: unrs-resolver@1.11.1 want: 1.11.1
234 silly placeDep ROOT @unrs/resolver-binding-linux-s390x-gnu@1.11.1 OK for: unrs-resolver@1.11.1 want: 1.11.1
235 silly placeDep ROOT @unrs/resolver-binding-linux-x64-musl@1.11.1 OK for: unrs-resolver@1.11.1 want: 1.11.1
236 silly placeDep ROOT @unrs/resolver-binding-wasm32-wasi@1.11.1 OK for: unrs-resolver@1.11.1 want: 1.11.1
237 silly placeDep ROOT @unrs/resolver-binding-win32-arm64-msvc@1.11.1 OK for: unrs-resolver@1.11.1 want: 1.11.1
238 silly placeDep ROOT @unrs/resolver-binding-win32-ia32-msvc@1.11.1 OK for: unrs-resolver@1.11.1 want: 1.11.1
239 silly placeDep ROOT @unrs/resolver-binding-win32-x64-msvc@1.11.1 OK for: unrs-resolver@1.11.1 want: 1.11.1
240 silly fetch manifest @napi-rs/wasm-runtime@^0.2.11
241 silly packumentCache full:https://registry.npmjs.org/@napi-rs%2fwasm-runtime cache-miss
242 http fetch GET 200 https://registry.npmjs.org/@napi-rs%2fwasm-runtime 46ms (cache miss)
243 silly packumentCache full:https://registry.npmjs.org/@napi-rs%2fwasm-runtime set size:undefined disposed:false
244 silly placeDep ROOT @napi-rs/wasm-runtime@0.2.12 OK for: @unrs/resolver-binding-wasm32-wasi@1.11.1 want: ^0.2.11
245 silly fetch manifest @emnapi/core@^1.4.3
246 silly packumentCache full:https://registry.npmjs.org/@emnapi%2fcore cache-miss
247 silly fetch manifest @emnapi/runtime@^1.4.3
248 silly packumentCache full:https://registry.npmjs.org/@emnapi%2fruntime cache-miss
249 silly fetch manifest @tybys/wasm-util@^0.10.0
250 silly packumentCache full:https://registry.npmjs.org/@tybys%2fwasm-util cache-miss
251 http fetch GET 200 https://registry.npmjs.org/@emnapi%2fruntime 49ms (cache miss)
252 silly packumentCache full:https://registry.npmjs.org/@emnapi%2fruntime set size:undefined disposed:false
253 http fetch GET 200 https://registry.npmjs.org/@tybys%2fwasm-util 81ms (cache miss)
254 silly packumentCache full:https://registry.npmjs.org/@tybys%2fwasm-util set size:undefined disposed:false
255 http fetch GET 200 https://registry.npmjs.org/@emnapi%2fcore 85ms (cache miss)
256 silly packumentCache full:https://registry.npmjs.org/@emnapi%2fcore set size:undefined disposed:false
257 silly placeDep ROOT @emnapi/core@1.10.0 OK for: @napi-rs/wasm-runtime@0.2.12 want: ^1.4.3
258 silly placeDep ROOT @emnapi/runtime@1.10.0 OK for: @napi-rs/wasm-runtime@0.2.12 want: ^1.4.3
259 silly placeDep ROOT @tybys/wasm-util@0.10.1 OK for: @napi-rs/wasm-runtime@0.2.12 want: ^0.10.0
260 silly fetch manifest @emnapi/wasi-threads@1.2.1
261 silly packumentCache full:https://registry.npmjs.org/@emnapi%2fwasi-threads cache-miss
262 http fetch GET 200 https://registry.npmjs.org/@emnapi%2fwasi-threads 53ms (cache miss)
263 silly packumentCache full:https://registry.npmjs.org/@emnapi%2fwasi-threads set size:undefined disposed:false
264 silly placeDep ROOT @emnapi/wasi-threads@1.2.1 OK for: @emnapi/core@1.10.0 want: 1.2.1
265 silly placeDep node_modules/@expo/cli @expo/config-types@54.0.10 OK for: @expo/prebuild-config@54.0.8 want: ^54.0.10
266 silly placeDep node_modules/@expo/cli @react-native/normalize-colors@0.81.5 OK for: @expo/prebuild-config@54.0.8 want: 0.81.5
267 silly placeDep ROOT @eslint/config-array@0.21.2 OK for: eslint@9.39.4 want: ^0.21.2
268 silly placeDep ROOT @eslint/config-helpers@0.4.2 OK for: eslint@9.39.4 want: ^0.4.2
269 silly placeDep ROOT @eslint/core@0.17.0 OK for: eslint@9.39.4 want: ^0.17.0
270 silly placeDep node_modules/eslint-plugin-expo @eslint/eslintrc@3.3.5 OK for: eslint@9.39.4 want: ^3.3.5
271 silly placeDep ROOT @eslint/plugin-kit@0.4.1 OK for: eslint@9.39.4 want: ^0.4.1
272 silly placeDep ROOT @humanfs/node@0.16.8 OK for: eslint@9.39.4 want: ^0.16.6
273 silly placeDep ROOT @humanwhocodes/retry@0.4.3 OK for: eslint@9.39.4 want: ^0.4.2
274 silly placeDep node_modules/eslint-plugin-expo ajv@6.15.0 OK for: eslint@9.39.4 want: ^6.14.0
275 silly placeDep node_modules/eslint-plugin-expo eslint-scope@8.4.0 OK for: eslint@9.39.4 want: ^8.4.0
276 silly placeDep node_modules/eslint-plugin-expo eslint-visitor-keys@4.2.1 OK for: eslint@9.39.4 want: ^4.2.1
277 silly placeDep node_modules/eslint-plugin-expo espree@10.4.0 OK for: eslint@9.39.4 want: ^10.4.0
278 silly placeDep node_modules/eslint-plugin-expo file-entry-cache@8.0.0 OK for: eslint@9.39.4 want: ^8.0.0
279 silly placeDep node_modules/eslint-plugin-expo find-up@5.0.0 OK for: eslint@9.39.4 want: ^5.0.0
280 silly fetch manifest @eslint/object-schema@^2.1.7
281 silly packumentCache full:https://registry.npmjs.org/@eslint%2fobject-schema cache-miss
282 silly fetch manifest espree@^10.0.1
283 silly packumentCache full:https://registry.npmjs.org/espree cache-hit
284 silly fetch manifest globals@^14.0.0
285 silly packumentCache full:https://registry.npmjs.org/globals cache-miss
286 silly fetch manifest strip-json-comments@^3.1.1
287 silly packumentCache full:https://registry.npmjs.org/strip-json-comments cache-miss
288 silly fetch manifest @humanwhocodes/retry@^0.4.0
289 silly packumentCache full:https://registry.npmjs.org/@humanwhocodes%2fretry cache-hit
290 silly fetch manifest @humanfs/core@^0.19.2
291 silly packumentCache full:https://registry.npmjs.org/@humanfs%2fcore cache-miss
292 silly fetch manifest @humanfs/types@^0.15.0
293 silly packumentCache full:https://registry.npmjs.org/@humanfs%2ftypes cache-miss
294 silly fetch manifest json-schema-traverse@^0.4.1
295 silly packumentCache full:https://registry.npmjs.org/json-schema-traverse cache-miss
296 silly fetch manifest flat-cache@^4.0.0
297 silly packumentCache full:https://registry.npmjs.org/flat-cache cache-miss
298 silly fetch manifest locate-path@^6.0.0
299 silly packumentCache full:https://registry.npmjs.org/locate-path cache-miss
300 http fetch GET 200 https://registry.npmjs.org/strip-json-comments 38ms (cache miss)
301 silly packumentCache full:https://registry.npmjs.org/strip-json-comments set size:undefined disposed:false
302 http fetch GET 200 https://registry.npmjs.org/globals 42ms (cache miss)
303 silly packumentCache full:https://registry.npmjs.org/globals set size:undefined disposed:false
304 http fetch GET 200 https://registry.npmjs.org/@eslint%2fobject-schema 49ms (cache miss)
305 silly packumentCache full:https://registry.npmjs.org/@eslint%2fobject-schema set size:undefined disposed:false
306 http fetch GET 200 https://registry.npmjs.org/locate-path 51ms (cache miss)
307 silly packumentCache full:https://registry.npmjs.org/locate-path set size:undefined disposed:false
308 http fetch GET 200 https://registry.npmjs.org/json-schema-traverse 56ms (cache miss)
309 silly packumentCache full:https://registry.npmjs.org/json-schema-traverse set size:undefined disposed:false
310 http fetch GET 200 https://registry.npmjs.org/flat-cache 63ms (cache miss)
311 silly packumentCache full:https://registry.npmjs.org/flat-cache set size:undefined disposed:false
312 http fetch GET 200 https://registry.npmjs.org/@humanfs%2fcore 78ms (cache miss)
313 silly packumentCache full:https://registry.npmjs.org/@humanfs%2fcore set size:undefined disposed:false
314 http fetch GET 200 https://registry.npmjs.org/@humanfs%2ftypes 81ms (cache miss)
315 silly packumentCache full:https://registry.npmjs.org/@humanfs%2ftypes set size:undefined disposed:false
316 silly placeDep ROOT @eslint/object-schema@2.1.7 OK for: @eslint/config-array@0.21.2 want: ^2.1.7
317 silly placeDep ROOT @humanfs/core@0.19.2 OK for: @humanfs/node@0.16.8 want: ^0.19.2
318 silly placeDep ROOT @humanfs/types@0.15.0 OK for: @humanfs/node@0.16.8 want: ^0.15.0
319 silly placeDep node_modules/eslint-plugin-expo globals@14.0.0 OK for: @eslint/eslintrc@3.3.5 want: ^14.0.0
320 silly placeDep node_modules/eslint-plugin-expo strip-json-comments@3.1.1 OK for: @eslint/eslintrc@3.3.5 want: ^3.1.1
321 silly placeDep node_modules/eslint-plugin-expo json-schema-traverse@0.4.1 OK for: ajv@6.15.0 want: ^0.4.1
322 silly placeDep node_modules/eslint-plugin-expo flat-cache@4.0.1 OK for: file-entry-cache@8.0.0 want: ^4.0.0
323 silly placeDep node_modules/eslint-plugin-expo locate-path@6.0.0 OK for: find-up@5.0.0 want: ^6.0.0
324 silly fetch manifest p-locate@^5.0.0
325 silly packumentCache full:https://registry.npmjs.org/p-locate cache-miss
326 http fetch GET 200 https://registry.npmjs.org/p-locate 33ms (cache miss)
327 silly packumentCache full:https://registry.npmjs.org/p-locate set size:undefined disposed:false
328 silly placeDep node_modules/eslint-plugin-expo p-locate@5.0.0 OK for: locate-path@6.0.0 want: ^5.0.0
329 silly fetch manifest p-limit@^3.0.2
330 silly packumentCache full:https://registry.npmjs.org/p-limit cache-miss
331 http fetch GET 200 https://registry.npmjs.org/p-limit 44ms (cache miss)
332 silly packumentCache full:https://registry.npmjs.org/p-limit set size:undefined disposed:false
333 silly placeDep node_modules/eslint-plugin-expo p-limit@3.1.0 OK for: p-locate@5.0.0 want: ^3.0.2
334 silly placeDep node_modules/expo-splash-screen @expo/config-types@54.0.10 OK for: @expo/prebuild-config@54.0.8 want: ^54.0.10
335 silly placeDep node_modules/expo-splash-screen @react-native/normalize-colors@0.81.5 OK for: @expo/prebuild-config@54.0.8 want: 0.81.5
336 verbose type range
337 verbose stack expo-barcode-generator: No matching version found for expo-barcode-generator@^5.0.0.
337 verbose stack     at module.exports (/usr/lib/node_modules/npm/node_modules/npm-pick-manifest/lib/index.js:210:23)
337 verbose stack     at RegistryFetcher.manifest (/usr/lib/node_modules/npm/node_modules/pacote/lib/registry.js:130:54)
337 verbose stack     at async #fetchManifest (/usr/lib/node_modules/npm/node_modules/@npmcli/arborist/lib/arborist/build-ideal-tree.js:1227:20)
337 verbose stack     at async #nodeFromEdge (/usr/lib/node_modules/npm/node_modules/@npmcli/arborist/lib/arborist/build-ideal-tree.js:1061:19)
337 verbose stack     at async #buildDepStep (/usr/lib/node_modules/npm/node_modules/@npmcli/arborist/lib/arborist/build-ideal-tree.js:917:11)
337 verbose stack     at async Arborist.buildIdealTree (/usr/lib/node_modules/npm/node_modules/@npmcli/arborist/lib/arborist/build-ideal-tree.js:170:7)
337 verbose stack     at async Promise.all (index 1)
337 verbose stack     at async Arborist.reify (/usr/lib/node_modules/npm/node_modules/@npmcli/arborist/lib/arborist/reify.js:110:5)
337 verbose stack     at async Install.exec (/usr/lib/node_modules/npm/lib/commands/install.js:152:5)
337 verbose stack     at async Npm.exec (/usr/lib/node_modules/npm/lib/npm.js:209:9)
338 error code ETARGET
339 error notarget No matching version found for expo-barcode-generator@^5.0.0.
340 error notarget In most cases you or one of your dependencies are requesting
340 error notarget a package version that doesn't exist.
341 silly unfinished npm timer reify 1777414548039
342 silly unfinished npm timer reify:loadTrees 1777414548040
343 verbose cwd /expo-project
344 verbose os Linux 4.4.0
345 verbose node v22.22.1
346 verbose npm  v11.11.0
347 verbose exit 1
348 verbose code 1
349 error A complete log of this run can be found in: /expo-project/.npm/_logs/2026-04-28T22_15_47_715Z-debug-0.log
