0 verbose cli /usr/bin/node /usr/bin/npm
1 info using npm@11.11.0
2 info using node@v22.22.1
3 silly config load:file:/usr/lib/node_modules/npm/npmrc
4 silly config load:file:/expo-project/.npmrc
5 silly config load:file:/usr/etc/npmrc
6 verbose title npm uninstall expo-barcode-generator
7 verbose argv "uninstall" "expo-barcode-generator" "--legacy-peer-deps"
8 verbose logfile logs-max:10 dir:/expo-project/.npm/_logs/2026-04-28T22_30_39_537Z-
9 verbose logfile /expo-project/.npm/_logs/2026-04-28T22_30_39_537Z-debug-0.log
10 warn Unknown user config "node-linker". This will stop working in the next major version of npm. See `npm help npmrc` for supported config options.
11 silly logfile done cleaning log files
12 silly packumentCache heap:4345298944 maxSize:1086324736 maxEntrySize:543162368
13 silly idealTree buildDeps
14 silly reify mark retired [ '/expo-project/node_modules/expo-barcode-generator' ]
15 silly reify moves {
15 silly reify   '/expo-project/node_modules/expo-barcode-generator': '/expo-project/node_modules/.expo-barcode-generator-ObEHgqSb'
15 silly reify }
16 silly audit bulk request {
16 silly audit   '@0no-co/graphql.web': [ '1.2.0' ],
16 silly audit   '@apideck/better-ajv-errors': [ '0.3.7' ],
16 silly audit   '@babel/code-frame': [ '7.29.0', '7.10.4' ],
16 silly audit   '@babel/compat-data': [ '7.29.0' ],
16 silly audit   '@babel/core': [ '7.29.0' ],
16 silly audit   semver: [ '6.3.1', '7.6.3', '5.7.2', '7.7.2', '7.7.4' ],
16 silly audit   '@babel/generator': [ '7.29.1' ],
16 silly audit   '@babel/helper-annotate-as-pure': [ '7.27.3' ],
16 silly audit   '@babel/helper-compilation-targets': [ '7.28.6' ],
16 silly audit   'lru-cache': [ '5.1.1', '11.3.5', '10.4.3' ],
16 silly audit   '@babel/helper-create-class-features-plugin': [ '7.28.6' ],
16 silly audit   '@babel/helper-create-regexp-features-plugin': [ '7.28.5' ],
16 silly audit   '@babel/helper-define-polyfill-provider': [ '0.6.8' ],
16 silly audit   '@babel/helper-globals': [ '7.28.0' ],
16 silly audit   '@babel/helper-member-expression-to-functions': [ '7.28.5' ],
16 silly audit   '@babel/helper-module-imports': [ '7.28.6' ],
16 silly audit   '@babel/helper-module-transforms': [ '7.28.6' ],
16 silly audit   '@babel/helper-optimise-call-expression': [ '7.27.1' ],
16 silly audit   '@babel/helper-plugin-utils': [ '7.28.6' ],
16 silly audit   '@babel/helper-remap-async-to-generator': [ '7.27.1' ],
16 silly audit   '@babel/helper-replace-supers': [ '7.28.6' ],
16 silly audit   '@babel/helper-skip-transparent-expression-wrappers': [ '7.27.1' ],
16 silly audit   '@babel/helper-string-parser': [ '7.27.1' ],
16 silly audit   '@babel/helper-validator-identifier': [ '7.28.5' ],
16 silly audit   '@babel/helper-validator-option': [ '7.27.1' ],
16 silly audit   '@babel/helper-wrap-function': [ '7.28.6' ],
16 silly audit   '@babel/helpers': [ '7.29.2' ],
16 silly audit   '@babel/highlight': [ '7.25.9' ],
16 silly audit   'ansi-styles': [ '3.2.1', '6.2.3', '4.3.0', '5.2.0' ],
16 silly audit   chalk: [ '2.4.2', '5.6.2', '4.1.2' ],
16 silly audit   'color-convert': [ '1.9.3', '2.0.1' ],
16 silly audit   'color-name': [ '1.1.3', '1.1.4' ],
16 silly audit   'escape-string-regexp': [ '1.0.5', '4.0.0', '2.0.0' ],
16 silly audit   'has-flag': [ '3.0.0', '4.0.0' ],
16 silly audit   'supports-color': [ '5.5.0', '8.1.1', '7.2.0' ],
16 silly audit   '@babel/parser': [ '7.29.2' ],
16 silly audit   '@babel/plugin-bugfix-firefox-class-in-computed-class-key': [ '7.28.5' ],
16 silly audit   '@babel/plugin-bugfix-safari-class-field-initializer-scope': [ '7.27.1' ],
16 silly audit   '@babel/plugin-bugfix-safari-id-destructuring-collision-in-function-expression': [ '7.27.1' ],
16 silly audit   '@babel/plugin-bugfix-v8-spread-parameters-in-optional-chaining': [ '7.27.1' ],
16 silly audit   '@babel/plugin-bugfix-v8-static-class-fields-redefine-readonly': [ '7.28.6' ],
16 silly audit   '@babel/plugin-proposal-decorators': [ '7.29.0' ],
16 silly audit   '@babel/plugin-proposal-export-default-from': [ '7.27.1' ],
16 silly audit   '@babel/plugin-proposal-export-namespace-from': [ '7.18.9' ],
16 silly audit   '@babel/plugin-proposal-private-property-in-object': [ '7.21.0-placeholder-for-preset-env.2' ],
16 silly audit   '@babel/plugin-syntax-async-generators': [ '7.8.4' ],
16 silly audit   '@babel/plugin-syntax-bigint': [ '7.8.3' ],
16 silly audit   '@babel/plugin-syntax-class-properties': [ '7.12.13' ],
16 silly audit   '@babel/plugin-syntax-class-static-block': [ '7.14.5' ],
16 silly audit   '@babel/plugin-syntax-decorators': [ '7.28.6' ],
16 silly audit   '@babel/plugin-syntax-dynamic-import': [ '7.8.3' ],
16 silly audit   '@babel/plugin-syntax-export-default-from': [ '7.28.6' ],
16 silly audit   '@babel/plugin-syntax-export-namespace-from': [ '7.8.3' ],
16 silly audit   '@babel/plugin-syntax-flow': [ '7.28.6' ],
16 silly audit   '@babel/plugin-syntax-import-assertions': [ '7.28.6' ],
16 silly audit   '@babel/plugin-syntax-import-attributes': [ '7.28.6' ],
16 silly audit   '@babel/plugin-syntax-import-meta': [ '7.10.4' ],
16 silly audit   '@babel/plugin-syntax-json-strings': [ '7.8.3' ],
16 silly audit   '@babel/plugin-syntax-jsx': [ '7.28.6' ],
16 silly audit   '@babel/plugin-syntax-logical-assignment-operators': [ '7.10.4' ],
16 silly audit   '@babel/plugin-syntax-nullish-coalescing-operator': [ '7.8.3' ],
16 silly audit   '@babel/plugin-syntax-numeric-separator': [ '7.10.4' ],
16 silly audit   '@babel/plugin-syntax-object-rest-spread': [ '7.8.3' ],
16 silly audit   '@babel/plugin-syntax-optional-catch-binding': [ '7.8.3' ],
16 silly audit   '@babel/plugin-syntax-optional-chaining': [ '7.8.3' ],
16 silly audit   '@babel/plugin-syntax-private-property-in-object': [ '7.14.5' ],
16 silly audit   '@babel/plugin-syntax-top-level-await': [ '7.14.5' ],
16 silly audit   '@babel/plugin-syntax-typescript': [ '7.28.6' ],
16 silly audit   '@babel/plugin-syntax-unicode-sets-regex': [ '7.18.6' ],
16 silly audit   '@babel/plugin-transform-arrow-functions': [ '7.27.1' ],
16 silly audit   '@babel/plugin-transform-async-generator-functions': [ '7.29.0' ],
16 silly audit   '@babel/plugin-transform-async-to-generator': [ '7.28.6' ],
16 silly audit   '@babel/plugin-transform-block-scoped-functions': [ '7.27.1' ],
16 silly audit   '@babel/plugin-transform-block-scoping': [ '7.28.6' ],
16 silly audit   '@babel/plugin-transform-class-properties': [ '7.28.6' ],
16 silly audit   '@babel/plugin-transform-class-static-block': [ '7.28.6' ],
16 silly audit   '@babel/plugin-transform-classes': [ '7.28.6' ],
16 silly audit   '@babel/plugin-transform-computed-properties': [ '7.28.6' ],
16 silly audit   '@babel/plugin-transform-destructuring': [ '7.28.5' ],
16 silly audit   '@babel/plugin-transform-dotall-regex': [ '7.28.6' ],
16 silly audit   '@babel/plugin-transform-duplicate-keys': [ '7.27.1' ],
16 silly audit   '@babel/plugin-transform-duplicate-named-capturing-groups-regex': [ '7.29.0' ],
16 silly audit   '@babel/plugin-transform-dynamic-import': [ '7.27.1' ],
16 silly audit   '@babel/plugin-transform-explicit-resource-management': [ '7.28.6' ],
16 silly audit   '@babel/plugin-transform-exponentiation-operator': [ '7.28.6' ],
16 silly audit   '@babel/plugin-transform-export-namespace-from': [ '7.27.1' ],
16 silly audit   '@babel/plugin-transform-flow-strip-types': [ '7.27.1' ],
16 silly audit   '@babel/plugin-transform-for-of': [ '7.27.1' ],
16 silly audit   '@babel/plugin-transform-function-name': [ '7.27.1' ],
16 silly audit   '@babel/plugin-transform-json-strings': [ '7.28.6' ],
16 silly audit   '@babel/plugin-transform-literals': [ '7.27.1' ],
16 silly audit   '@babel/plugin-transform-logical-assignment-operators': [ '7.28.6' ],
16 silly audit   '@babel/plugin-transform-member-expression-literals': [ '7.27.1' ],
16 silly audit   '@babel/plugin-transform-modules-amd': [ '7.27.1' ],
16 silly audit   '@babel/plugin-transform-modules-commonjs': [ '7.28.6' ],
16 silly audit   '@babel/plugin-transform-modules-systemjs': [ '7.29.0' ],
16 silly audit   '@babel/plugin-transform-modules-umd': [ '7.27.1' ],
16 silly audit   '@babel/plugin-transform-named-capturing-groups-regex': [ '7.29.0' ],
16 silly audit   '@babel/plugin-transform-new-target': [ '7.27.1' ],
16 silly audit   '@babel/plugin-transform-nullish-coalescing-operator': [ '7.28.6' ],
16 silly audit   '@babel/plugin-transform-numeric-separator': [ '7.28.6' ],
16 silly audit   '@babel/plugin-transform-object-rest-spread': [ '7.28.6' ],
16 silly audit   '@babel/plugin-transform-object-super': [ '7.27.1' ],
16 silly audit   '@babel/plugin-transform-optional-catch-binding': [ '7.28.6' ],
16 silly audit   '@babel/plugin-transform-optional-chaining': [ '7.28.6' ],
16 silly audit   '@babel/plugin-transform-parameters': [ '7.27.7' ],
16 silly audit   '@babel/plugin-transform-private-methods': [ '7.28.6' ],
16 silly audit   '@babel/plugin-transform-private-property-in-object': [ '7.28.6' ],
16 silly audit   '@babel/plugin-transform-property-literals': [ '7.27.1' ],
16 silly audit   '@babel/plugin-transform-react-display-name': [ '7.28.0' ],
16 silly audit   '@babel/plugin-transform-react-jsx': [ '7.28.6' ],
16 silly audit   '@babel/plugin-transform-react-jsx-development': [ '7.27.1' ],
16 silly audit   '@babel/plugin-transform-react-jsx-self': [ '7.27.1' ],
16 silly audit   '@babel/plugin-transform-react-jsx-source': [ '7.27.1' ],
16 silly audit   '@babel/plugin-transform-react-pure-annotations': [ '7.27.1' ],
16 silly audit   '@babel/plugin-transform-regenerator': [ '7.29.0' ],
16 silly audit   '@babel/plugin-transform-regexp-modifiers': [ '7.28.6' ],
16 silly audit   '@babel/plugin-transform-reserved-words': [ '7.27.1' ],
16 silly audit   '@babel/plugin-transform-runtime': [ '7.29.0' ],
16 silly audit   '@babel/plugin-transform-shorthand-properties': [ '7.27.1' ],
16 silly audit   '@babel/plugin-transform-spread': [ '7.28.6' ],
16 silly audit   '@babel/plugin-transform-sticky-regex': [ '7.27.1' ],
16 silly audit   '@babel/plugin-transform-template-literals': [ '7.27.1' ],
16 silly audit   '@babel/plugin-transform-typeof-symbol': [ '7.27.1' ],
16 silly audit   '@babel/plugin-transform-typescript': [ '7.28.6' ],
16 silly audit   '@babel/plugin-transform-unicode-escapes': [ '7.27.1' ],
16 silly audit   '@babel/plugin-transform-unicode-property-regex': [ '7.28.6' ],
16 silly audit   '@babel/plugin-transform-unicode-regex': [ '7.27.1' ],
16 silly audit   '@babel/plugin-transform-unicode-sets-regex': [ '7.28.6' ],
16 silly audit   '@babel/preset-env': [ '7.29.2' ],
16 silly audit   'babel-plugin-polyfill-corejs3': [ '0.14.2', '0.13.0' ],
16 silly audit   '@babel/preset-modules': [ '0.1.6-no-external-plugins' ],
16 silly audit   '@babel/preset-react': [ '7.28.5' ],
16 silly audit   '@babel/preset-typescript': [ '7.28.5' ],
16 silly audit   '@babel/runtime': [ '7.29.2' ],
16 silly audit   '@babel/template': [ '7.28.6' ],
16 silly audit   '@babel/traverse': [ '7.29.0' ],
16 silly audit   '@babel/types': [ '7.29.0' ],
16 silly audit   '@bacons/apple-targets': [ '3.0.7' ],
16 silly audit   glob: [ '10.5.0', '7.2.3', '9.3.5', '13.0.6', '11.1.0' ],
16 silly audit   minimatch: [ '9.0.9', '9.0.3', '10.2.5', '8.0.7', '5.1.9', '3.1.5' ],
16 silly audit   '@bacons/xcode': [ '1.0.0-alpha.27' ],
16 silly audit   '@expo/plist': [ '0.0.18', '0.4.8' ],
16 silly audit   '@xmldom/xmldom': [ '0.7.13', '0.8.13', '0.9.10' ],
16 silly audit   xmlbuilder: [ '14.0.0', '11.0.1', '15.1.1' ],
16 silly audit   '@better-auth/core': [ '1.6.9' ],
16 silly audit   '@better-auth/drizzle-adapter': [ '1.6.9' ],
16 silly audit   '@better-auth/expo': [ '1.6.9' ],
16 silly audit   '@better-auth/kysely-adapter': [ '1.6.9' ],
16 silly audit   '@better-auth/memory-adapter': [ '1.6.9' ],
16 silly audit   '@better-auth/mongo-adapter': [ '1.6.9' ],
16 silly audit   '@better-auth/prisma-adapter': [ '1.6.9' ],
16 silly audit   '@better-auth/telemetry': [ '1.6.9' ],
16 silly audit   '@better-auth/utils': [ '0.4.0' ],
16 silly audit   '@better-fetch/fetch': [ '1.1.21' ],
16 silly audit   '@discoveryjs/json-ext': [ '0.6.3' ],
16 silly audit   '@egjs/hammerjs': [ '2.0.17' ],
16 silly audit   '@emnapi/core': [ '1.10.0' ],
16 silly audit   '@emnapi/runtime': [ '1.10.0' ],
16 silly audit   '@emnapi/wasi-threads': [ '1.2.1' ],
16 silly audit   '@eslint-community/eslint-utils': [ '4.9.1' ],
16 silly audit   '@eslint-community/regexpp': [ '4.12.2' ],
16 silly audit   '@eslint/config-array': [ '0.21.2' ],
16 silly audit   '@eslint/config-helpers': [ '0.4.2' ],
16 silly audit   '@eslint/core': [ '0.17.0' ],
16 silly audit   '@eslint/eslintrc': [ '2.1.4', '3.3.5' ],
16 silly audit   ajv: [ '6.15.0', '8.20.0' ],
16 silly audit   globals: [ '13.24.0', '16.5.0', '14.0.0', '15.15.0' ],
16 silly audit   'json-schema-traverse': [ '0.4.1', '1.0.0' ],
16 silly audit   'strip-json-comments': [ '3.1.1', '2.0.1' ],
16 silly audit   'type-fest': [
16 silly audit     '0.20.2', '0.21.3',
16 silly audit     '0.13.1', '0.8.1',
16 silly audit     '0.6.0',  '0.7.1',
16 silly audit     '0.16.0', '4.41.0'
16 silly audit   ],
16 silly audit   '@eslint/js': [ '9.39.4', '8.57.1' ],
16 silly audit   '@eslint/object-schema': [ '2.1.7' ],
16 silly audit   '@eslint/plugin-kit': [ '0.4.1' ],
16 silly audit   '@expo/cli': [ '54.0.23' ],
16 silly audit   '@expo/config-types': [ '54.0.10' ],
16 silly audit   '@expo/prebuild-config': [ '54.0.8' ],
16 silly audit   '@react-native/debugger-frontend': [ '0.81.5', '0.81.4' ],
16 silly audit   '@react-native/dev-middleware': [ '0.81.5', '0.81.4' ],
16 silly audit   ws: [ '6.2.3', '8.20.0', '7.5.10' ],
16 silly audit   '@react-native/normalize-colors': [ '0.81.5', '0.79.7', '0.74.89', '0.81.4' ],
16 silly audit   'bplist-parser': [ '0.3.2', '0.3.1' ],
16 silly audit   picomatch: [ '3.0.2', '4.0.4', '2.3.2' ],
16 silly audit   '@expo/code-signing-certificates': [ '0.0.6' ],
16 silly audit   '@expo/config': [ '12.0.13' ],
16 silly audit   '@expo/config-plugins': [ '54.0.4' ],
16 silly audit   '@expo/devcert': [ '1.2.1' ],
16 silly audit   debug: [ '3.2.7', '2.6.9', '4.4.3' ],
16 silly audit   '@expo/devtools': [ '0.1.8' ],
16 silly audit   '@expo/env': [ '2.0.11' ],
16 silly audit   '@expo/fingerprint': [ '0.15.4' ],
16 silly audit   'p-limit': [ '3.1.0', '2.3.0' ],
16 silly audit   '@expo/image-utils': [ '0.8.13' ],
16 silly audit   '@expo/json-file': [ '10.0.13' ],
16 silly audit   '@expo/metro': [ '54.2.0' ],
16 silly audit   '@expo/metro-config': [ '54.0.14' ],
16 silly audit   postcss: [ '8.4.49' ],
16 silly audit   '@expo/metro-runtime': [ '6.1.2' ],
16 silly audit   'ci-info': [ '2.0.0', '3.9.0' ],
16 silly audit   'hermes-estree': [ '0.32.0', '0.29.1', '0.35.0' ],
16 silly audit   'hermes-parser': [ '0.32.0', '0.29.1', '0.35.0' ],
16 silly audit   metro: [ '0.83.3', '0.83.6' ],
16 silly audit   'metro-cache-key': [ '0.83.3', '0.83.6' ],
16 silly audit   'metro-config': [ '0.83.3', '0.83.6' ],
16 silly audit   'metro-core': [ '0.83.3', '0.83.6' ],
16 silly audit   'metro-runtime': [ '0.83.3', '0.83.6' ],
16 silly audit   'metro-source-map': [ '0.83.3', '0.83.6' ],
16 silly audit   'mime-db': [ '1.52.0', '1.54.0' ],
16 silly audit   'mime-types': [ '2.1.35', '3.0.2' ],
16 silly audit   ob1: [ '0.83.3', '0.83.6' ],
16 silly audit   '@expo/osascript': [ '2.4.2' ],
16 silly audit   '@expo/package-manager': [ '1.10.4' ],
16 silly audit   '@expo/require-utils': [ '55.0.4' ],
16 silly audit   '@expo/schema-utils': [ '0.1.8' ],
16 silly audit   '@expo/sdk-runtime-versions': [ '1.0.0' ],
16 silly audit   '@expo/spawn-async': [ '1.7.2' ],
16 silly audit   '@expo/sudo-prompt': [ '9.3.2' ],
16 silly audit   '@expo/vector-icons': [ '15.1.1' ],
16 silly audit   '@expo/ws-tunnel': [ '1.0.6' ],
16 silly audit   '@expo/xcpretty': [ '4.4.3' ],
16 silly audit   '@humanfs/core': [ '0.19.2' ],
16 silly audit   '@humanfs/node': [ '0.16.8' ],
16 silly audit   '@humanfs/types': [ '0.15.0' ],
16 silly audit   '@humanwhocodes/config-array': [ '0.13.0' ],
16 silly audit   '@humanwhocodes/module-importer': [ '1.0.1' ],
16 silly audit   '@humanwhocodes/object-schema': [ '2.0.3' ],
16 silly audit   '@humanwhocodes/retry': [ '0.4.3' ],
16 silly audit   '@isaacs/cliui': [ '8.0.2', '9.0.0' ],
16 silly audit   'ansi-regex': [ '6.2.2', '5.0.1', '4.1.1' ],
16 silly audit   'emoji-regex': [ '9.2.2', '10.6.0', '8.0.0' ],
16 silly audit   'string-width': [ '5.1.2', '7.2.0', '4.2.3' ],
16 silly audit   'strip-ansi': [ '7.2.0', '5.2.0', '6.0.1' ],
16 silly audit   'wrap-ansi': [ '8.1.0', '9.0.2', '7.0.0' ],
16 silly audit   '@isaacs/fs-minipass': [ '4.0.1' ],
16 silly audit   '@isaacs/ttlcache': [ '1.4.1' ],
16 silly audit   '@istanbuljs/load-nyc-config': [ '1.1.0' ],
16 silly audit   'js-yaml': [ '3.14.2', '4.1.1' ],
16 silly audit   '@istanbuljs/schema': [ '0.1.6' ],
16 silly audit   '@jest/create-cache-key-function': [ '29.7.0' ],
16 silly audit   '@jest/environment': [ '29.7.0' ],
16 silly audit   '@jest/fake-timers': [ '29.7.0' ],
16 silly audit   '@jest/schemas': [ '29.6.3' ],
16 silly audit   '@jest/transform': [ '29.7.0' ],
16 silly audit   '@jest/types': [ '29.6.3' ],
16 silly audit   '@jridgewell/gen-mapping': [ '0.3.13' ],
16 silly audit   '@jridgewell/remapping': [ '2.3.5' ],
16 silly audit   '@jridgewell/resolve-uri': [ '3.1.2' ],
16 silly audit   '@jridgewell/source-map': [ '0.3.11' ],
16 silly audit   '@jridgewell/sourcemap-codec': [ '1.5.5' ],
16 silly audit   '@jridgewell/trace-mapping': [ '0.3.31' ],
16 silly audit   '@napi-rs/wasm-runtime': [ '0.2.12' ],
16 silly audit   '@noble/ciphers': [ '2.2.0' ],
16 silly audit   '@noble/hashes': [ '2.2.0' ],
16 silly audit   '@nodelib/fs.scandir': [ '2.1.5' ],
16 silly audit   '@nodelib/fs.stat': [ '2.0.5' ],
16 silly audit   '@nodelib/fs.walk': [ '1.2.8' ],
16 silly audit   '@nolyfill/is-core-module': [ '1.0.39' ],
16 silly audit   '@opentelemetry/semantic-conventions': [ '1.40.0' ],
16 silly audit   '@pkgjs/parseargs': [ '0.11.0' ],
16 silly audit   '@pnpm/config.env-replace': [ '1.1.0' ],
16 silly audit   '@pnpm/network.ca-file': [ '1.0.2' ],
16 silly audit   'graceful-fs': [ '4.2.10', '4.2.11' ],
16 silly audit   '@pnpm/npm-conf': [ '3.0.2' ],
16 silly audit   '@radix-ui/primitive': [ '1.1.3' ],
16 silly audit   '@radix-ui/react-collection': [ '1.1.7' ],
16 silly audit   '@radix-ui/react-compose-refs': [ '1.1.2' ],
16 silly audit   '@radix-ui/react-context': [ '1.1.2' ],
16 silly audit   '@radix-ui/react-dialog': [ '1.1.15' ],
16 silly audit   '@radix-ui/react-direction': [ '1.1.1' ],
16 silly audit   '@radix-ui/react-dismissable-layer': [ '1.1.11' ],
16 silly audit   '@radix-ui/react-focus-guards': [ '1.1.3' ],
16 silly audit   '@radix-ui/react-focus-scope': [ '1.1.7' ],
16 silly audit   '@radix-ui/react-id': [ '1.1.1' ],
16 silly audit   '@radix-ui/react-portal': [ '1.1.9' ],
16 silly audit   '@radix-ui/react-presence': [ '1.1.5' ],
16 silly audit   '@radix-ui/react-primitive': [ '2.1.3' ],
16 silly audit   '@radix-ui/react-roving-focus': [ '1.1.11' ],
16 silly audit   '@radix-ui/react-slot': [ '1.2.3', '1.2.0' ],
16 silly audit   '@radix-ui/react-tabs': [ '1.1.13' ],
16 silly audit   '@radix-ui/react-use-callback-ref': [ '1.1.1' ],
16 silly audit   '@radix-ui/react-use-controllable-state': [ '1.2.2' ],
16 silly audit   '@radix-ui/react-use-effect-event': [ '0.0.2' ],
16 silly audit   '@radix-ui/react-use-escape-keydown': [ '1.1.1' ],
16 silly audit   '@radix-ui/react-use-layout-effect': [ '1.1.1' ],
16 silly audit   '@react-leaflet/core': [ '2.1.0' ],
16 silly audit   '@react-native-async-storage/async-storage': [ '2.2.0' ],
16 silly audit   '@react-native-community/datetimepicker': [ '8.6.0' ],
16 silly audit   '@react-native/assets-registry': [ '0.81.4' ],
16 silly audit   '@react-native/babel-plugin-codegen': [ '0.81.5' ],
16 silly audit   '@react-native/codegen': [ '0.81.5', '0.81.4' ],
16 silly audit   '@react-native/babel-preset': [ '0.81.5' ],
16 silly audit   '@react-native/community-cli-plugin': [ '0.81.4' ],
16 silly audit   '@react-native/gradle-plugin': [ '0.81.4' ],
16 silly audit   '@react-native/js-polyfills': [ '0.81.4' ],
16 silly audit   '@react-native/virtualized-lists': [ '0.81.4' ],
16 silly audit   '@react-navigation/bottom-tabs': [ '7.15.10' ],
16 silly audit   '@react-navigation/core': [ '7.17.2' ],
16 silly audit   'react-is': [ '19.2.5', '18.3.1', '16.13.1' ],
16 silly audit   '@react-navigation/drawer': [ '7.9.9' ],
16 silly audit   '@react-navigation/elements': [ '2.9.15' ],
16 silly audit   '@react-navigation/native': [ '7.2.2' ],
16 silly audit   '@react-navigation/native-stack': [ '7.14.12' ],
16 silly audit   '@react-navigation/routers': [ '7.5.3' ],
16 silly audit   '@rollup/plugin-babel': [ '5.3.1' ],
16 silly audit   '@rollup/plugin-node-resolve': [ '15.3.1' ],
16 silly audit   '@rollup/pluginutils': [ '5.3.0', '3.1.0' ],
16 silly audit   '@rollup/plugin-replace': [ '2.4.2' ],
16 silly audit   '@rollup/plugin-terser': [ '0.4.4' ],
16 silly audit   '@types/estree': [ '0.0.39', '1.0.8' ],
16 silly audit   'estree-walker': [ '1.0.1', '2.0.2' ],
16 silly audit   '@rtsao/scc': [ '1.1.0' ],
16 silly audit   '@sinclair/typebox': [ '0.27.10' ],
16 silly audit   '@sinonjs/commons': [ '3.0.1' ],
16 silly audit   '@sinonjs/fake-timers': [ '10.3.0' ],
16 silly audit   '@standard-schema/spec': [ '1.1.0' ],
16 silly audit   '@stardazed/streams-text-encoding': [ '1.0.2' ],
16 silly audit   '@surma/rollup-plugin-off-main-thread': [ '2.2.3' ],
16 silly audit   '@tybys/wasm-util': [ '0.10.1' ],
16 silly audit   '@types/babel__core': [ '7.20.5' ],
16 silly audit   '@types/babel__generator': [ '7.27.0' ],
16 silly audit   '@types/babel__template': [ '7.4.4' ],
16 silly audit   '@types/babel__traverse': [ '7.28.0' ],
16 silly audit   '@types/difflib': [ '0.2.7' ],
16 silly audit   '@types/geojson': [ '7946.0.16' ],
16 silly audit   '@types/graceful-fs': [ '4.1.9' ],
16 silly audit   '@types/hammerjs': [ '2.0.46' ],
16 silly audit   '@types/istanbul-lib-coverage': [ '2.0.6' ],
16 silly audit   '@types/istanbul-lib-report': [ '3.0.3' ],
16 silly audit   '@types/istanbul-reports': [ '3.0.4' ],
16 silly audit   '@types/json-schema': [ '7.0.15' ],
16 silly audit   '@types/json5': [ '0.0.29' ],
16 silly audit   '@types/leaflet': [ '1.9.21' ],
16 silly audit   '@types/minimist': [ '1.2.5' ],
16 silly audit   '@types/node': [ '25.6.0' ],
16 silly audit   '@types/normalize-package-data': [ '2.4.4' ],
16 silly audit   '@types/react': [ '19.1.17' ],
16 silly audit   '@types/react-test-renderer': [ '19.1.0' ],
16 silly audit   '@types/resolve': [ '1.20.2' ],
16 silly audit   '@types/semver': [ '7.7.1' ],
16 silly audit   '@types/stack-utils': [ '2.0.3' ],
16 silly audit   '@types/trusted-types': [ '2.0.7' ],
16 silly audit   '@types/yargs': [ '17.0.35' ],
16 silly audit   '@types/yargs-parser': [ '21.0.3' ],
16 silly audit   '@typescript-eslint/eslint-plugin': [ '6.21.0', '8.59.0' ],
16 silly audit   '@typescript-eslint/types': [ '6.21.0', '8.59.0' ],
16 silly audit   '@typescript-eslint/utils': [ '6.21.0', '8.59.0' ],
16 silly audit   '@typescript-eslint/parser': [ '6.21.0', '8.59.0' ],
16 silly audit   '@typescript-eslint/project-service': [ '8.59.0' ],
16 silly audit   '@typescript-eslint/scope-manager': [ '6.21.0', '8.59.0' ],
16 silly audit   '@typescript-eslint/tsconfig-utils': [ '8.59.0' ],
16 silly audit   '@typescript-eslint/type-utils': [ '6.21.0', '8.59.0' ],
16 silly audit   '@typescript-eslint/typescript-estree': [ '6.21.0', '8.59.0' ],
16 silly audit   '@typescript-eslint/visitor-keys': [ '8.59.0', '6.21.0' ],
16 silly audit   'balanced-match': [ '4.0.4', '1.0.2' ],
16 silly audit   'brace-expansion': [ '5.0.5', '2.1.0', '1.1.14' ],
16 silly audit   'eslint-visitor-keys': [ '5.0.1', '4.2.1', '3.4.3' ],
16 silly audit   'ts-api-utils': [ '2.5.0', '1.4.3' ],
16 silly audit   '@ungap/structured-clone': [ '1.3.0' ],
16 silly audit   '@unrs/resolver-binding-android-arm-eabi': [ '1.11.1' ],
16 silly audit   '@unrs/resolver-binding-android-arm64': [ '1.11.1' ],
16 silly audit   '@unrs/resolver-binding-darwin-arm64': [ '1.11.1' ],
16 silly audit   '@unrs/resolver-binding-darwin-x64': [ '1.11.1' ],
16 silly audit   '@unrs/resolver-binding-freebsd-x64': [ '1.11.1' ],
16 silly audit   '@unrs/resolver-binding-linux-arm-gnueabihf': [ '1.11.1' ],
16 silly audit   '@unrs/resolver-binding-linux-arm-musleabihf': [ '1.11.1' ],
16 silly audit   '@unrs/resolver-binding-linux-arm64-gnu': [ '1.11.1' ],
16 silly audit   '@unrs/resolver-binding-linux-arm64-musl': [ '1.11.1' ],
16 silly audit   '@unrs/resolver-binding-linux-ppc64-gnu': [ '1.11.1' ],
16 silly audit   '@unrs/resolver-binding-linux-riscv64-gnu': [ '1.11.1' ],
16 silly audit   '@unrs/resolver-binding-linux-riscv64-musl': [ '1.11.1' ],
16 silly audit   '@unrs/resolver-binding-linux-s390x-gnu': [ '1.11.1' ],
16 silly audit   '@unrs/resolver-binding-linux-x64-gnu': [ '1.11.1' ],
16 silly audit   '@unrs/resolver-binding-linux-x64-musl': [ '1.11.1' ],
16 silly audit   '@unrs/resolver-binding-wasm32-wasi': [ '1.11.1' ],
16 silly audit   '@unrs/resolver-binding-win32-arm64-msvc': [ '1.11.1' ],
16 silly audit   '@unrs/resolver-binding-win32-ia32-msvc': [ '1.11.1' ],
16 silly audit   '@unrs/resolver-binding-win32-x64-msvc': [ '1.11.1' ],
16 silly audit   '@urql/core': [ '5.2.0' ],
16 silly audit   '@urql/exchange-retry': [ '1.3.2' ],
16 silly audit   '@webpack-cli/configtest': [ '3.0.1' ],
16 silly audit   '@webpack-cli/info': [ '3.0.1' ],
16 silly audit   '@webpack-cli/serve': [ '3.0.1' ],
16 silly audit   'abort-controller': [ '3.0.0' ],
16 silly audit   accepts: [ '1.3.8', '2.0.0' ],
16 silly audit   negotiator: [ '0.6.3', '0.6.4', '1.0.0' ],
16 silly audit   acorn: [ '8.16.0' ],
16 silly audit   'acorn-jsx': [ '5.3.2' ],
16 silly audit   'agent-base': [ '7.1.4' ],
16 silly audit   anser: [ '1.4.10' ],
16 silly audit   'ansi-align': [ '3.0.1' ],
16 silly audit   'ansi-escapes': [ '4.3.2' ],
16 silly audit   'any-promise': [ '1.3.0' ],
16 silly audit   anymatch: [ '3.1.3' ],
16 silly audit   arg: [ '5.0.2' ],
16 silly audit   argparse: [ '1.0.10', '2.0.1' ],
16 silly audit   'aria-hidden': [ '1.2.6' ],
16 silly audit   'array-buffer-byte-length': [ '1.0.2' ],
16 silly audit   'array-includes': [ '3.1.9' ],
16 silly audit   'array-union': [ '2.1.0' ],
16 silly audit   'array.prototype.findlast': [ '1.2.5' ],
16 silly audit   'array.prototype.findlastindex': [ '1.2.6' ],
16 silly audit   'array.prototype.flat': [ '1.3.3' ],
16 silly audit   'array.prototype.flatmap': [ '1.3.3' ],
16 silly audit   'array.prototype.tosorted': [ '1.1.4' ],
16 silly audit   'arraybuffer.prototype.slice': [ '1.0.4' ],
16 silly audit   arrify: [ '1.0.1' ],
16 silly audit   asap: [ '2.0.6' ],
16 silly audit   async: [ '3.2.6' ],
16 silly audit   'async-function': [ '1.0.0' ],
16 silly audit   'async-limiter': [ '1.0.1' ],
16 silly audit   'at-least-node': [ '1.0.0' ],
16 silly audit   atomically: [ '2.1.1' ],
16 silly audit   'available-typed-arrays': [ '1.0.7' ],
16 silly audit   'babel-jest': [ '29.7.0' ],
16 silly audit   'babel-plugin-istanbul': [ '6.1.1' ],
16 silly audit   'babel-plugin-jest-hoist': [ '29.6.3' ],
16 silly audit   'babel-plugin-module-resolver': [ '5.0.3' ],
16 silly audit   minipass: [ '4.2.8', '7.1.3' ],
16 silly audit   'babel-plugin-polyfill-corejs2': [ '0.4.17' ],
16 silly audit   'babel-plugin-polyfill-regenerator': [ '0.6.8' ],
16 silly audit   'babel-plugin-react-compiler': [ '1.0.0' ],
16 silly audit   'babel-plugin-react-native-web': [ '0.21.2' ],
16 silly audit   'babel-plugin-syntax-hermes-parser': [ '0.29.1' ],
16 silly audit   'babel-plugin-transform-flow-enums': [ '0.0.2' ],
16 silly audit   'babel-preset-current-node-syntax': [ '1.2.0' ],
16 silly audit   'babel-preset-expo': [ '54.0.10' ],
16 silly audit   'babel-preset-jest': [ '29.6.3' ],
16 silly audit   'base64-js': [ '1.5.1' ],
16 silly audit   'baseline-browser-mapping': [ '2.10.22' ],
16 silly audit   'better-auth': [ '1.6.9' ],
16 silly audit   'better-call': [ '1.3.5' ],
16 silly audit   'better-opn': [ '3.0.2' ],
16 silly audit   open: [ '8.4.2', '7.4.2' ],
16 silly audit   'big-integer': [ '1.6.52' ],
16 silly audit   'binary-extensions': [ '2.3.0' ],
16 silly audit   bl: [ '4.1.0' ],
16 silly audit   boolbase: [ '1.0.0' ],
16 silly audit   boxen: [ '8.0.1' ],
16 silly audit   camelcase: [ '8.0.0', '5.3.1', '6.3.0' ],
16 silly audit   'bplist-creator': [ '0.1.0' ],
16 silly audit   braces: [ '3.0.3' ],
16 silly audit   browserslist: [ '4.28.2' ],
16 silly audit   bser: [ '2.1.1' ],
16 silly audit   buffer: [ '5.7.1' ],
16 silly audit   'buffer-from': [ '1.1.2' ],
16 silly audit   bytes: [ '3.1.2' ],
16 silly audit   'call-bind': [ '1.0.9' ],
16 silly audit   'call-bind-apply-helpers': [ '1.0.2' ],
16 silly audit   'call-bound': [ '1.0.4' ],
16 silly audit   callsites: [ '3.1.0' ],
16 silly audit   'camelcase-keys': [ '6.2.2' ],
16 silly audit   'map-obj': [ '4.3.0', '1.0.1' ],
16 silly audit   'caniuse-lite': [ '1.0.30001791' ],
16 silly audit   chardet: [ '0.7.0' ],
16 silly audit   chokidar: [ '3.6.0' ],
16 silly audit   'glob-parent': [ '5.1.2', '6.0.2' ],
16 silly audit   chownr: [ '3.0.0' ],
16 silly audit   'chrome-launcher': [ '0.15.2' ],
16 silly audit   'chromium-edge-launcher': [ '0.2.0' ],
16 silly audit   'cli-boxes': [ '3.0.0' ],
16 silly audit   'cli-cursor': [ '3.1.0', '2.1.0' ],
16 silly audit   'mimic-fn': [ '2.1.0', '1.2.0' ],
16 silly audit   onetime: [ '5.1.2', '2.0.1' ],
16 silly audit   'restore-cursor': [ '3.1.0', '2.0.0' ],
16 silly audit   'cli-spinners': [ '2.9.2' ],
16 silly audit   'cli-width': [ '3.0.0' ],
16 silly audit   'client-only': [ '0.0.1' ],
16 silly audit   cliui: [ '8.0.1' ],
16 silly audit   clone: [ '1.0.4' ],
16 silly audit   'clone-deep': [ '4.0.1' ],
16 silly audit   color: [ '4.2.3' ],
16 silly audit   'color-string': [ '1.9.1' ],
16 silly audit   colorette: [ '2.0.20' ],
16 silly audit   commander: [ '12.1.0', '7.2.0', '4.1.1', '2.20.3' ],
16 silly audit   'common-tags': [ '1.8.2' ],
16 silly audit   compressible: [ '2.0.18' ],
16 silly audit   compression: [ '1.8.1' ],
16 silly audit   ms: [ '2.0.0', '2.1.3' ],
16 silly audit   'concat-map': [ '0.0.1' ],
16 silly audit   'config-chain': [ '1.1.13' ],
16 silly audit   configstore: [ '7.1.0' ],
16 silly audit   connect: [ '3.7.0' ],
16 silly audit   'convert-source-map': [ '2.0.0' ],
16 silly audit   cookie: [ '1.1.1' ],
16 silly audit   'core-js-compat': [ '3.49.0' ],
16 silly audit   'cross-fetch': [ '3.2.0' ],
16 silly audit   'cross-spawn': [ '7.0.6' ],
16 silly audit   'crypto-random-string': [ '2.0.0' ],
16 silly audit   'css-in-js-utils': [ '3.1.0' ],
16 silly audit   'css-select': [ '5.2.2' ],
16 silly audit   'css-tree': [ '1.1.3' ],
16 silly audit   'source-map': [ '0.6.1', '0.5.7', '0.8.0-beta.0' ],
16 silly audit   'css-what': [ '6.2.2' ],
16 silly audit   csstype: [ '3.2.3' ],
16 silly audit   'data-view-buffer': [ '1.0.2' ],
16 silly audit   'data-view-byte-length': [ '1.0.2' ],
16 silly audit   'data-view-byte-offset': [ '1.0.1' ],
16 silly audit   decamelize: [ '1.2.0' ],
16 silly audit   'decamelize-keys': [ '1.1.1' ],
16 silly audit   'decode-uri-component': [ '0.2.2' ],
16 silly audit   'deep-extend': [ '0.6.0' ],
16 silly audit   'deep-is': [ '0.1.4' ],
16 silly audit   deepmerge: [ '4.3.1' ],
16 silly audit   defaults: [ '1.0.4' ],
16 silly audit   'define-data-property': [ '1.1.4' ],
16 silly audit   'define-lazy-prop': [ '2.0.0' ],
16 silly audit   'define-properties': [ '1.2.1' ],
16 silly audit   defu: [ '6.1.7' ],
16 silly audit   depd: [ '2.0.0' ],
16 silly audit   destroy: [ '1.2.0' ],
16 silly audit   'detect-libc': [ '2.1.2' ],
16 silly audit   'detect-node-es': [ '1.1.0' ],
16 silly audit   difflib: [ '0.2.4' ],
16 silly audit   'dir-glob': [ '3.0.1' ],
16 silly audit   doctrine: [ '2.1.0', '3.0.0' ],
16 silly audit   'dom-serializer': [ '2.0.0' ],
16 silly audit   domelementtype: [ '2.3.0' ],
16 silly audit   domhandler: [ '5.0.3' ],
16 silly audit   domutils: [ '3.2.2' ],
16 silly audit   'dot-prop': [ '9.0.0' ],
16 silly audit   dotenv: [ '16.4.7' ],
16 silly audit   'dotenv-expand': [ '11.0.7' ],
16 silly audit   'dunder-proto': [ '1.0.1' ],
16 silly audit   eas: [ '0.1.0' ],
16 silly audit   eastasianwidth: [ '0.2.0' ],
16 silly audit   'ee-first': [ '1.1.1' ],
16 silly audit   ejs: [ '3.1.10' ],
16 silly audit   'electron-to-chromium': [ '1.5.344' ],
16 silly audit   encodeurl: [ '2.0.0', '1.0.2' ],
16 silly audit   entities: [ '4.5.0' ],
16 silly audit   'env-editor': [ '0.4.2' ],
16 silly audit   envinfo: [ '7.21.0' ],
16 silly audit   'error-ex': [ '1.3.4' ],
16 silly audit   'is-arrayish': [ '0.2.1', '0.3.4' ],
16 silly audit   'error-stack-parser': [ '2.1.4' ],
16 silly audit   'es-abstract': [ '1.24.2' ],
16 silly audit   'es-define-property': [ '1.0.1' ],
16 silly audit   'es-errors': [ '1.3.0' ],
16 silly audit   'es-iterator-helpers': [ '1.3.2' ],
16 silly audit   'es-object-atoms': [ '1.1.1' ],
16 silly audit   'es-set-tostringtag': [ '2.1.0' ],
16 silly audit   'es-shim-unscopables': [ '1.1.0' ],
16 silly audit   'es-to-primitive': [ '1.3.0' ],
16 silly audit   escalade: [ '3.2.0' ],
16 silly audit   'escape-goat': [ '4.0.0' ],
16 silly audit   'escape-html': [ '1.0.3' ],
16 silly audit   eslint: [ '8.57.1', '9.39.4' ],
16 silly audit   'eslint-config-expo': [ '10.0.0' ],
16 silly audit   ignore: [ '7.0.5', '5.3.2' ],
16 silly audit   'eslint-import-resolver-node': [ '0.3.10' ],
16 silly audit   resolve: [ '2.0.0-next.6', '1.7.1', '1.22.12' ],
16 silly audit   'eslint-import-resolver-typescript': [ '3.10.1' ],
16 silly audit   'eslint-module-utils': [ '2.12.1' ],
16 silly audit   'eslint-plugin-expo': [ '1.0.0' ],
16 silly audit   'eslint-scope': [ '8.4.0', '7.2.2' ],
16 silly audit   espree: [ '10.4.0', '9.6.1' ],
16 silly audit   'file-entry-cache': [ '8.0.0', '6.0.1' ],
16 silly audit   'find-up': [ '5.0.0', '4.1.0', '3.0.0' ],
16 silly audit   'flat-cache': [ '4.0.1', '3.2.0' ],
16 silly audit   'locate-path': [ '6.0.0', '5.0.0', '3.0.0' ],
16 silly audit   'p-locate': [ '5.0.0', '4.1.0', '3.0.0' ],
16 silly audit   'eslint-plugin-import': [ '2.32.0' ],
16 silly audit   'eslint-plugin-react': [ '7.37.5' ],
16 silly audit   'eslint-plugin-react-hooks': [ '5.2.0' ],
16 silly audit   'is-path-inside': [ '3.0.3', '4.0.0' ],
16 silly audit   esprima: [ '4.0.1' ],
16 silly audit   esquery: [ '1.7.0' ],
16 silly audit   esrecurse: [ '4.3.0' ],
16 silly audit   estraverse: [ '5.3.0' ],
16 silly audit   esutils: [ '2.0.3' ],
16 silly audit   etag: [ '1.8.1' ],
16 silly audit   'event-target-shim': [ '5.0.1' ],
16 silly audit   expo: [ '54.0.33' ],
16 silly audit   'expo-apple-authentication': [ '8.0.8' ],
16 silly audit   'expo-asset': [ '12.0.12' ],
16 silly audit   'react-native-svg': [ '15.15.4' ],
16 silly audit   'expo-blur': [ '15.0.8' ],
16 silly audit   'expo-camera': [ '16.0.18' ],
16 silly audit   'expo-constants': [ '18.0.13' ],
16 silly audit   'expo-file-system': [ '19.0.21' ],
16 silly audit   'expo-font': [ '14.0.11' ],
16 silly audit   'expo-glass-effect': [ '0.1.9' ],
16 silly audit   'expo-haptics': [ '15.0.8' ],
16 silly audit   'expo-image': [ '3.0.11' ],
16 silly audit   'expo-image-loader': [ '6.0.0' ],
16 silly audit   'expo-image-picker': [ '17.0.10' ],
16 silly audit   'expo-keep-awake': [ '15.0.8' ],
16 silly audit   'expo-linear-gradient': [ '15.0.8' ],
16 silly audit   'expo-linking': [ '8.0.11' ],
16 silly audit   'expo-modules-autolinking': [ '3.0.24' ],
16 silly audit   'expo-modules-core': [ '3.0.29' ],
16 silly audit   'expo-network': [ '8.0.8' ],
16 silly audit   'expo-router': [ '6.0.23' ],
16 silly audit   'expo-secure-store': [ '15.0.8' ],
16 silly audit   'expo-server': [ '1.0.5' ],
16 silly audit   'expo-sharing': [ '14.0.8' ],
16 silly audit   'expo-splash-screen': [ '31.0.13' ],
16 silly audit   'expo-status-bar': [ '3.0.9' ],
16 silly audit   'expo-symbols': [ '1.0.8' ],
16 silly audit   'expo-system-ui': [ '6.0.9' ],
16 silly audit   'expo-web-browser': [ '15.0.10' ],
16 silly audit   'exponential-backoff': [ '3.1.3' ],
16 silly audit   'external-editor': [ '3.1.0' ],
16 silly audit   'fast-deep-equal': [ '3.1.3' ],
16 silly audit   'fast-glob': [ '3.3.3' ],
16 silly audit   'fast-json-stable-stringify': [ '2.1.0' ],
16 silly audit   'fast-levenshtein': [ '2.0.6' ],
16 silly audit   'fast-uri': [ '3.1.0' ],
16 silly audit   'fastest-levenshtein': [ '1.0.16' ],
16 silly audit   fastq: [ '1.20.1' ],
16 silly audit   'fb-watchman': [ '2.0.2' ],
16 silly audit   fbjs: [ '3.0.5' ],
16 silly audit   'fbjs-css-vars': [ '1.0.2' ],
16 silly audit   promise: [ '7.3.1', '8.3.0' ],
16 silly audit   fdir: [ '6.5.0' ],
16 silly audit   figures: [ '3.2.0' ],
16 silly audit   filelist: [ '1.0.6' ],
16 silly audit   'fill-range': [ '7.1.1' ],
16 silly audit   'filter-obj': [ '1.1.0' ],
16 silly audit   finalhandler: [ '1.1.2' ],
16 silly audit   statuses: [ '1.5.0', '2.0.2' ],
16 silly audit   'find-babel-config': [ '2.1.2' ],
16 silly audit   flat: [ '5.0.2' ],
16 silly audit   flatted: [ '3.4.2' ],
16 silly audit   'flow-enums-runtime': [ '0.0.6' ],
16 silly audit   fontfaceobserver: [ '2.3.0' ],
16 silly audit   'for-each': [ '0.3.5' ],
16 silly audit   'foreground-child': [ '3.3.1' ],
16 silly audit   'signal-exit': [ '4.1.0', '3.0.7' ],
16 silly audit   'freeport-async': [ '2.0.0' ],
16 silly audit   fresh: [ '0.5.2' ],
16 silly audit   'fs-extra': [ '9.1.0' ],
16 silly audit   'fs.realpath': [ '1.0.0' ],
16 silly audit   fsevents: [ '2.3.3' ],
16 silly audit   'function-bind': [ '1.1.2' ],
16 silly audit   'function.prototype.name': [ '1.1.8' ],
16 silly audit   'functions-have-names': [ '1.2.3' ],
16 silly audit   'generator-function': [ '2.0.1' ],
16 silly audit   gensync: [ '1.0.0-beta.2' ],
16 silly audit   'get-caller-file': [ '2.0.5' ],
16 silly audit   'get-east-asian-width': [ '1.5.0' ],
16 silly audit   'get-intrinsic': [ '1.3.0' ],
16 silly audit   'get-nonce': [ '1.0.1' ],
16 silly audit   'get-own-enumerable-property-symbols': [ '3.0.2' ],
16 silly audit   'get-package-type': [ '0.1.0' ],
16 silly audit   'get-proto': [ '1.0.1' ],
16 silly audit   'get-symbol-description': [ '1.1.0' ],
16 silly audit   'get-tsconfig': [ '4.14.0' ],
16 silly audit   getenv: [ '2.0.0' ],
16 silly audit   'path-scurry': [ '2.0.2', '1.11.1' ],
16 silly audit   'global-directory': [ '4.0.1' ],
16 silly audit   ini: [ '4.1.1', '1.3.8' ],
16 silly audit   globalthis: [ '1.0.4' ],
16 silly audit   globby: [ '11.1.0' ],
16 silly audit   gopd: [ '1.2.0' ],
16 silly audit   graphemer: [ '1.4.0' ],
16 silly audit   'hard-rejection': [ '2.1.0' ],
16 silly audit   'has-bigints': [ '1.1.0' ],
16 silly audit   'has-property-descriptors': [ '1.0.2' ],
16 silly audit   'has-proto': [ '1.2.0' ],
16 silly audit   'has-symbols': [ '1.1.0' ],
16 silly audit   'has-tostringtag': [ '1.0.2' ],
16 silly audit   hasown: [ '2.0.3' ],
16 silly audit   heap: [ '0.2.7' ],
16 silly audit   'hoist-non-react-statics': [ '3.3.2' ],
16 silly audit   'hosted-git-info': [ '7.0.2', '2.8.9' ],
16 silly audit   'http-errors': [ '2.0.1' ],
16 silly audit   'https-proxy-agent': [ '7.0.6' ],
16 silly audit   'hyphenate-style-name': [ '1.1.0' ],
16 silly audit   'iconv-lite': [ '0.4.24' ],
16 silly audit   idb: [ '7.1.1' ],
16 silly audit   ieee754: [ '1.2.1' ],
16 silly audit   'image-size': [ '1.2.1' ],
16 silly audit   'import-fresh': [ '3.3.1' ],
16 silly audit   'resolve-from': [ '4.0.0', '5.0.0' ],
16 silly audit   'import-local': [ '3.2.0' ],
16 silly audit   imurmurhash: [ '0.1.4' ],
16 silly audit   'indent-string': [ '4.0.0' ],
16 silly audit   inflight: [ '1.0.6' ],
16 silly audit   inherits: [ '2.0.4' ],
16 silly audit   'inline-style-prefixer': [ '7.0.1' ],
16 silly audit   inquirer: [ '7.3.3' ],
16 silly audit   'internal-slot': [ '1.1.0' ],
16 silly audit   interpret: [ '3.1.1' ],
16 silly audit   invariant: [ '2.2.4' ],
16 silly audit   'is-array-buffer': [ '3.0.5' ],
16 silly audit   'is-async-function': [ '2.1.1' ],
16 silly audit   'is-bigint': [ '1.1.0' ],
16 silly audit   'is-binary-path': [ '2.1.0' ],
16 silly audit   'is-boolean-object': [ '1.2.2' ],
16 silly audit   'is-bun-module': [ '2.0.0' ],
16 silly audit   'is-callable': [ '1.2.7' ],
16 silly audit   'is-core-module': [ '2.16.1' ],
16 silly audit   'is-data-view': [ '1.0.2' ],
16 silly audit   'is-date-object': [ '1.1.0' ],
16 silly audit   'is-docker': [ '2.2.1' ],
16 silly audit   'is-extglob': [ '2.1.1' ],
16 silly audit   'is-finalizationregistry': [ '1.1.1' ],
16 silly audit   'is-fullwidth-code-point': [ '3.0.0' ],
16 silly audit   'is-generator-function': [ '1.1.2' ],
16 silly audit   'is-glob': [ '4.0.3' ],
16 silly audit   'is-in-ci': [ '1.0.0' ],
16 silly audit   'is-installed-globally': [ '1.0.0' ],
16 silly audit   'is-interactive': [ '1.0.0' ],
16 silly audit   'is-map': [ '2.0.3' ],
16 silly audit   'is-module': [ '1.0.0' ],
16 silly audit   'is-negative-zero': [ '2.0.3' ],
16 silly audit   'is-npm': [ '6.1.0' ],
16 silly audit   'is-number': [ '7.0.0' ],
16 silly audit   'is-number-object': [ '1.1.1' ],
16 silly audit   'is-obj': [ '1.0.1' ],
16 silly audit   'is-plain-obj': [ '2.1.0', '1.1.0' ],
16 silly audit   'is-plain-object': [ '2.0.4' ],
16 silly audit   'is-regex': [ '1.2.1' ],
16 silly audit   'is-regexp': [ '1.0.0' ],
16 silly audit   'is-set': [ '2.0.3' ],
16 silly audit   'is-shared-array-buffer': [ '1.0.4' ],
16 silly audit   'is-stream': [ '2.0.1' ],
16 silly audit   'is-string': [ '1.1.1' ],
16 silly audit   'is-symbol': [ '1.1.1' ],
16 silly audit   'is-typed-array': [ '1.1.15' ],
16 silly audit   'is-unicode-supported': [ '0.1.0' ],
16 silly audit   'is-weakmap': [ '2.0.2' ],
16 silly audit   'is-weakref': [ '1.1.1' ],
16 silly audit   'is-weakset': [ '2.0.4' ],
16 silly audit   'is-wsl': [ '2.2.0' ],
16 silly audit   isarray: [ '2.0.5' ],
16 silly audit   isexe: [ '2.0.0' ],
16 silly audit   isobject: [ '3.0.1' ],
16 silly audit   'istanbul-lib-coverage': [ '3.2.2' ],
16 silly audit   'istanbul-lib-instrument': [ '5.2.1' ],
16 silly audit   'iterator.prototype': [ '1.1.5' ],
16 silly audit   jackspeak: [ '3.4.3', '4.2.3' ],
16 silly audit   jake: [ '10.9.4' ],
16 silly audit   'jest-environment-node': [ '29.7.0' ],
16 silly audit   'jest-get-type': [ '29.6.3' ],
16 silly audit   'jest-haste-map': [ '29.7.0' ],
16 silly audit   'jest-message-util': [ '29.7.0' ],
16 silly audit   'jest-mock': [ '29.7.0' ],
16 silly audit   'jest-regex-util': [ '29.6.3' ],
16 silly audit   'jest-util': [ '29.7.0' ],
16 silly audit   'jest-validate': [ '29.7.0' ],
16 silly audit   'jest-worker': [ '29.7.0' ],
16 silly audit   'jimp-compact': [ '0.16.1' ],
16 silly audit   jose: [ '6.2.2' ],
16 silly audit   'js-tokens': [ '4.0.0' ],
16 silly audit   jsbarcode: [ '3.12.3' ],
16 silly audit   'jsc-safe-url': [ '0.2.4' ],
16 silly audit   jsesc: [ '3.1.0' ],
16 silly audit   'json-buffer': [ '3.0.1' ],
16 silly audit   'json-parse-even-better-errors': [ '2.3.1' ],
16 silly audit   'json-stable-stringify-without-jsonify': [ '1.0.1' ],
16 silly audit   json5: [ '2.2.3', '1.0.2' ],
16 silly audit   jsonfile: [ '6.2.1' ],
16 silly audit   jsonpointer: [ '5.0.1' ],
16 silly audit   'jsx-ast-utils': [ '3.3.5' ],
16 silly audit   keyv: [ '4.5.4' ],
16 silly audit   'kind-of': [ '6.0.3' ],
16 silly audit   kleur: [ '3.0.3' ],
16 silly audit   ky: [ '1.14.3' ],
16 silly audit   kysely: [ '0.28.16' ],
16 silly audit   'lan-network': [ '0.1.7' ],
16 silly audit   'latest-version': [ '9.0.0' ],
16 silly audit   leaflet: [ '1.9.4' ],
16 silly audit   leven: [ '3.1.0' ],
16 silly audit   levn: [ '0.4.1' ],
16 silly audit   'lighthouse-logger': [ '1.4.2' ],
16 silly audit   lightningcss: [ '1.32.0' ],
16 silly audit   'lightningcss-android-arm64': [ '1.32.0' ],
16 silly audit   'lightningcss-darwin-arm64': [ '1.32.0' ],
16 silly audit   'lightningcss-darwin-x64': [ '1.32.0' ],
16 silly audit   'lightningcss-freebsd-x64': [ '1.32.0' ],
16 silly audit   'lightningcss-linux-arm-gnueabihf': [ '1.32.0' ],
16 silly audit   'lightningcss-linux-arm64-gnu': [ '1.32.0' ],
16 silly audit   'lightningcss-linux-arm64-musl': [ '1.32.0' ],
16 silly audit   'lightningcss-linux-x64-gnu': [ '1.32.0' ],
16 silly audit   'lightningcss-linux-x64-musl': [ '1.32.0' ],
16 silly audit   'lightningcss-win32-arm64-msvc': [ '1.32.0' ],
16 silly audit   'lightningcss-win32-x64-msvc': [ '1.32.0' ],
16 silly audit   'lines-and-columns': [ '1.2.4' ],
16 silly audit   lodash: [ '4.18.1' ],
16 silly audit   'lodash.debounce': [ '4.0.8' ],
16 silly audit   'lodash.merge': [ '4.6.2' ],
16 silly audit   'lodash.sortby': [ '4.7.0' ],
16 silly audit   'lodash.throttle': [ '4.1.1' ],
16 silly audit   'log-symbols': [ '2.2.0', '4.1.0' ],
16 silly audit   'loose-envify': [ '1.4.0' ],
16 silly audit   'lucide-react-native': [ '0.511.0' ],
16 silly audit   'magic-string': [ '0.25.9' ],
16 silly audit   makeerror: [ '1.0.12' ],
16 silly audit   marky: [ '1.3.0' ],
16 silly audit   'math-intrinsics': [ '1.1.0' ],
16 silly audit   'mdn-data': [ '2.0.14' ],
16 silly audit   'memoize-one': [ '5.2.1', '6.0.0' ],
16 silly audit   meow: [ '7.1.1' ],
16 silly audit   'yargs-parser': [ '18.1.3', '21.1.1' ],
16 silly audit   'merge-options': [ '3.0.4' ],
16 silly audit   'merge-stream': [ '2.0.0' ],
16 silly audit   merge2: [ '1.4.1' ],
16 silly audit   'metro-babel-transformer': [ '0.83.3', '0.83.6' ],
16 silly audit   'metro-cache': [ '0.83.3', '0.83.6' ],
16 silly audit   'metro-resolver': [ '0.83.6', '0.83.3' ],
16 silly audit   'metro-file-map': [ '0.83.3', '0.83.6' ],
16 silly audit   'metro-minify-terser': [ '0.83.3', '0.83.6' ],
16 silly audit   'metro-symbolicate': [ '0.83.6', '0.83.3' ],
16 silly audit   'metro-transform-plugins': [ '0.83.3', '0.83.6' ],
16 silly audit   'metro-transform-worker': [ '0.83.3', '0.83.6' ],
16 silly audit   micromatch: [ '4.0.8' ],
16 silly audit   mime: [ '1.6.0' ],
16 silly audit   'min-indent': [ '1.0.1' ],
16 silly audit   minimist: [ '1.2.8' ],
16 silly audit   'minimist-options': [ '4.1.0' ],
16 silly audit   minizlib: [ '3.1.0' ],
16 silly audit   mkdirp: [ '1.0.4' ],
16 silly audit   'mute-stream': [ '0.0.8' ],
16 silly audit   mz: [ '2.7.0' ],
16 silly audit   nanoid: [ '3.3.11' ],
16 silly audit   nanostores: [ '1.3.0' ],
16 silly audit   'napi-postinstall': [ '0.3.4' ],
16 silly audit   'natural-compare': [ '1.4.0' ],
16 silly audit   'nested-error-stacks': [ '2.0.1' ],
16 silly audit   'node-exports-info': [ '1.6.0' ],
16 silly audit   'node-fetch': [ '2.7.0' ],
16 silly audit   'node-forge': [ '1.4.0' ],
16 silly audit   'node-int64': [ '0.4.0' ],
16 silly audit   'node-releases': [ '2.0.38' ],
16 silly audit   'normalize-package-data': [ '2.5.0' ],
16 silly audit   'normalize-path': [ '3.0.0' ],
16 silly audit   'npm-package-arg': [ '11.0.3' ],
16 silly audit   'nth-check': [ '2.1.1' ],
16 silly audit   nullthrows: [ '1.1.1' ],
16 silly audit   'object-assign': [ '4.1.1' ],
16 silly audit   'object-inspect': [ '1.13.4' ],
16 silly audit   'object-keys': [ '1.1.1' ],
16 silly audit   'object.assign': [ '4.1.7' ],
16 silly audit   'object.entries': [ '1.1.9' ],
16 silly audit   'object.fromentries': [ '2.0.8' ],
16 silly audit   'object.groupby': [ '1.0.3' ],
16 silly audit   'object.values': [ '1.2.1' ],
16 silly audit   'on-finished': [ '2.3.0', '2.4.1' ],
16 silly audit   'on-headers': [ '1.1.0' ],
16 silly audit   once: [ '1.4.0' ],
16 silly audit   optionator: [ '0.9.4' ],
16 silly audit   ora: [ '3.4.0', '5.4.1' ],
16 silly audit   'os-tmpdir': [ '1.0.2' ],
16 silly audit   'own-keys': [ '1.0.1' ],
16 silly audit   'p-try': [ '2.2.0' ],
16 silly audit   'package-json': [ '10.0.1' ],
16 silly audit   'package-json-from-dist': [ '1.0.1' ],
16 silly audit   'parent-module': [ '1.0.1' ],
16 silly audit   'parse-json': [ '5.2.0' ],
16 silly audit   'parse-png': [ '2.1.0' ],
16 silly audit   parseurl: [ '1.3.3' ],
16 silly audit   'path-exists': [ '4.0.0', '3.0.0' ],
16 silly audit   'path-is-absolute': [ '1.0.1' ],
16 silly audit   'path-key': [ '3.1.1' ],
16 silly audit   'path-parse': [ '1.0.7' ],
16 silly audit   'path-type': [ '4.0.0' ],
16 silly audit   picocolors: [ '1.1.1' ],
16 silly audit   pirates: [ '4.0.7' ],
16 silly audit   'pkg-dir': [ '4.2.0' ],
16 silly audit   'pkg-up': [ '3.1.0' ],
16 silly audit   plist: [ '3.1.1' ],
16 silly audit   pngjs: [ '3.4.0' ],
16 silly audit   'possible-typed-array-names': [ '1.1.0' ],
16 silly audit   'postcss-value-parser': [ '4.2.0' ],
16 silly audit   'prelude-ls': [ '1.2.1' ],
16 silly audit   'pretty-bytes': [ '5.6.0' ],
16 silly audit   'pretty-format': [ '29.7.0' ],
16 silly audit   'proc-log': [ '4.2.0' ],
16 silly audit   progress: [ '2.0.3' ],
16 silly audit   prompts: [ '2.4.2' ],
16 silly audit   'prop-types': [ '15.8.1' ],
16 silly audit   'proto-list': [ '1.2.4' ],
16 silly audit   punycode: [ '2.3.1' ],
16 silly audit   pupa: [ '3.3.0' ],
16 silly audit   'qrcode-terminal': [ '0.11.0' ],
16 silly audit   'query-string': [ '7.1.3' ],
16 silly audit   queue: [ '6.0.2' ],
16 silly audit   'queue-microtask': [ '1.2.3' ],
16 silly audit   'quick-lru': [ '4.0.1' ],
16 silly audit   randombytes: [ '2.1.0' ],
16 silly audit   'range-parser': [ '1.2.1' ],
16 silly audit   rc: [ '1.2.8' ],
16 silly audit   react: [ '19.1.0' ],
16 silly audit   'react-devtools-core': [ '6.1.5' ],
16 silly audit   'react-dom': [ '19.1.0' ],
16 silly audit   'react-fast-compare': [ '3.2.2' ],
16 silly audit   'react-freeze': [ '1.0.4' ],
16 silly audit   'react-leaflet': [ '4.2.1' ],
16 silly audit   'react-native': [ '0.81.4' ],
16 silly audit   'react-native-barcode-svg': [ '0.0.15' ],
16 silly audit   'react-native-css-interop': [ '0.1.22' ],
16 silly audit   'react-native-drawer-layout': [ '4.2.2' ],
16 silly audit   'react-native-edge-to-edge': [ '1.8.1' ],
16 silly audit   'react-native-gesture-handler': [ '2.31.1' ],
16 silly audit   'react-native-is-edge-to-edge': [ '1.3.1' ],
16 silly audit   'react-native-reanimated': [ '4.1.7' ],
16 silly audit   'react-native-safe-area-context': [ '5.7.0' ],
16 silly audit   'react-native-screens': [ '4.16.0' ],
16 silly audit   'react-native-url-polyfill': [ '2.0.0' ],
16 silly audit   'react-native-web': [ '0.21.2' ],
16 silly audit   'react-native-webview': [ '13.16.1' ],
16 silly audit   'react-native-worklets': [ '0.5.1' ],
16 silly audit   'react-refresh': [ '0.14.2' ],
16 silly audit   'react-remove-scroll': [ '2.7.2' ],
16 silly audit   'react-remove-scroll-bar': [ '2.3.8' ],
16 silly audit   'react-router': [ '7.14.2' ],
16 silly audit   'react-router-dom': [ '7.14.2' ],
16 silly audit   'set-cookie-parser': [ '2.7.2', '3.1.0' ],
16 silly audit   'react-style-singleton': [ '2.2.3' ],
16 silly audit   'read-pkg': [ '5.2.0' ],
16 silly audit   'read-pkg-up': [ '7.0.1' ],
16 silly audit   'readable-stream': [ '3.6.2' ],
16 silly audit   readdirp: [ '3.6.0' ],
16 silly audit   rechoir: [ '0.8.0' ],
16 silly audit   redent: [ '3.0.0' ],
16 silly audit   'reflect.getprototypeof': [ '1.0.10' ],
16 silly audit   regenerate: [ '1.4.2' ],
16 silly audit   'regenerate-unicode-properties': [ '10.2.2' ],
16 silly audit   'regenerator-runtime': [ '0.13.11' ],
16 silly audit   'regexp.prototype.flags': [ '1.5.4' ],
16 silly audit   'regexpu-core': [ '6.4.0' ],
16 silly audit   'registry-auth-token': [ '5.1.1' ],
16 silly audit   'registry-url': [ '6.0.1' ],
16 silly audit   regjsgen: [ '0.8.0' ],
16 silly audit   regjsparser: [ '0.13.1' ],
16 silly audit   'require-directory': [ '2.1.1' ],
16 silly audit   'require-from-string': [ '2.0.2' ],
16 silly audit   requireg: [ '0.2.2' ],
16 silly audit   reselect: [ '4.1.8' ],
16 silly audit   'resolve-cwd': [ '3.0.0' ],
16 silly audit   'resolve-pkg-maps': [ '1.0.0' ],
16 silly audit   'resolve-workspace-root': [ '2.0.1' ],
16 silly audit   'resolve.exports': [ '2.0.3' ],
16 silly audit   reusify: [ '1.1.0' ],
16 silly audit   rimraf: [ '3.0.2' ],
16 silly audit   rollup: [ '2.80.0' ],
16 silly audit   rou3: [ '0.7.12' ],
16 silly audit   'run-async': [ '2.4.1' ],
16 silly audit   'run-parallel': [ '1.2.0' ],
16 silly audit   rxjs: [ '6.6.7' ],
16 silly audit   tslib: [ '1.14.1', '2.8.1' ],
16 silly audit   'safe-array-concat': [ '1.1.4' ],
16 silly audit   'safe-buffer': [ '5.2.1' ],
16 silly audit   'safe-push-apply': [ '1.0.0' ],
16 silly audit   'safe-regex-test': [ '1.1.0' ],
16 silly audit   'safer-buffer': [ '2.1.2' ],
16 silly audit   sax: [ '1.6.0' ],
16 silly audit   scheduler: [ '0.26.0' ],
16 silly audit   send: [ '0.19.2' ],
16 silly audit   'serialize-error': [ '2.1.0' ],
16 silly audit   'serialize-javascript': [ '6.0.2' ],
16 silly audit   'serve-static': [ '1.16.3' ],
16 silly audit   'server-only': [ '0.0.1' ],
16 silly audit   'set-function-length': [ '1.2.2' ],
16 silly audit   'set-function-name': [ '2.0.2' ],
16 silly audit   'set-proto': [ '1.0.0' ],
16 silly audit   setimmediate: [ '1.0.5' ],
16 silly audit   setprototypeof: [ '1.2.0' ],
16 silly audit   'sf-symbols-typescript': [ '2.2.0' ],
16 silly audit   'shallow-clone': [ '3.0.1' ],
16 silly audit   shallowequal: [ '1.1.0' ],
16 silly audit   'shebang-command': [ '2.0.0' ],
16 silly audit   'shebang-regex': [ '3.0.0' ],
16 silly audit   'shell-quote': [ '1.8.3' ],
16 silly audit   'side-channel': [ '1.1.0' ],
16 silly audit   'side-channel-list': [ '1.0.1' ],
16 silly audit   'side-channel-map': [ '1.0.1' ],
16 silly audit   'side-channel-weakmap': [ '1.0.2' ],
16 silly audit   'simple-plist': [ '1.3.1' ],
16 silly audit   'simple-swizzle': [ '0.2.4' ],
16 silly audit   sisteransi: [ '1.0.5' ],
16 silly audit   slash: [ '3.0.0' ],
16 silly audit   slugify: [ '1.6.9' ],
16 silly audit   smob: [ '1.6.1' ],
16 silly audit   'source-list-map': [ '2.0.1' ],
16 silly audit   'source-map-js': [ '1.2.1' ],
16 silly audit   'source-map-support': [ '0.5.21' ],
16 silly audit   'sourcemap-codec': [ '1.4.8' ],
16 silly audit   'spdx-correct': [ '3.2.0' ],
16 silly audit   'spdx-exceptions': [ '2.5.0' ],
16 silly audit   'spdx-expression-parse': [ '3.0.1' ],
16 silly audit   'spdx-license-ids': [ '3.0.23' ],
16 silly audit   'split-on-first': [ '1.1.0' ],
16 silly audit   'sprintf-js': [ '1.0.3' ],
16 silly audit   'stable-hash': [ '0.0.5' ],
16 silly audit   'stack-utils': [ '2.0.6' ],
16 silly audit   stackframe: [ '1.3.4' ],
16 silly audit   'stacktrace-parser': [ '0.1.11' ],
16 silly audit   'stop-iteration-iterator': [ '1.1.0' ],
16 silly audit   'stream-buffers': [ '2.2.0' ],
16 silly audit   'strict-uri-encode': [ '2.0.0' ],
16 silly audit   string_decoder: [ '1.3.0' ],
16 silly audit   'string.prototype.matchall': [ '4.0.12' ],
16 silly audit   'string.prototype.repeat': [ '1.0.0' ],
16 silly audit   'string.prototype.trim': [ '1.2.10' ],
16 silly audit   'string.prototype.trimend': [ '1.0.9' ],
16 silly audit   'string.prototype.trimstart': [ '1.0.8' ],
16 silly audit   'stringify-object': [ '3.3.0' ],
16 silly audit   'strip-bom': [ '3.0.0' ],
16 silly audit   'strip-comments': [ '2.0.1' ],
16 silly audit   'strip-indent': [ '3.0.0' ],
16 silly audit   'structured-headers': [ '0.4.1' ],
16 silly audit   'stubborn-fs': [ '2.0.0' ],
16 silly audit   'stubborn-utils': [ '1.0.2' ],
16 silly audit   styleq: [ '0.1.3' ],
16 silly audit   sucrase: [ '3.35.1' ],
16 silly audit   'supports-hyperlinks': [ '2.3.0' ],
16 silly audit   'supports-preserve-symlinks-flag': [ '1.0.0' ],
16 silly audit   tar: [ '7.5.13' ],
16 silly audit   yallist: [ '5.0.0', '3.1.1' ],
16 silly audit   'temp-dir': [ '2.0.0' ],
16 silly audit   tempy: [ '0.6.0' ],
16 silly audit   'terminal-link': [ '2.1.1' ],
16 silly audit   terser: [ '5.46.2' ],
16 silly audit   'test-exclude': [ '6.0.0' ],
16 silly audit   'text-table': [ '0.2.0' ],
16 silly audit   thenify: [ '3.3.1' ],
16 silly audit   'thenify-all': [ '1.6.0' ],
16 silly audit   throat: [ '5.0.0' ],
16 silly audit   through: [ '2.3.8' ],
16 silly audit   tinyglobby: [ '0.2.16' ],
16 silly audit   tmp: [ '0.0.33' ],
16 silly audit   tmpl: [ '1.0.5' ],
16 silly audit   'to-regex-range': [ '5.0.1' ],
16 silly audit   toidentifier: [ '1.0.1' ],
16 silly audit   tr46: [ '0.0.3', '1.0.1' ],
16 silly audit   'trim-newlines': [ '3.0.1' ],
16 silly audit   'ts-interface-checker': [ '0.1.13' ],
16 silly audit   'tsconfig-paths': [ '3.15.0' ],
16 silly audit   'type-check': [ '0.4.0' ],
16 silly audit   'type-detect': [ '4.0.8' ],
16 silly audit   'typed-array-buffer': [ '1.0.3' ],
16 silly audit   'typed-array-byte-length': [ '1.0.3' ],
16 silly audit   'typed-array-byte-offset': [ '1.0.4' ],
16 silly audit   'typed-array-length': [ '1.0.7' ],
16 silly audit   typescript: [ '5.9.3' ],
16 silly audit   'ua-parser-js': [ '1.0.41' ],
16 silly audit   'unbox-primitive': [ '1.1.0' ],
16 silly audit   undici: [ '6.25.0' ],
16 silly audit   'undici-types': [ '7.19.2' ],
16 silly audit   'unicode-canonical-property-names-ecmascript': [ '2.0.1' ],
16 silly audit   'unicode-match-property-ecmascript': [ '2.0.0' ],
16 silly audit   'unicode-match-property-value-ecmascript': [ '2.2.1' ],
16 silly audit   'unicode-property-aliases-ecmascript': [ '2.2.0' ],
16 silly audit   'unique-string': [ '2.0.0' ],
16 silly audit   universalify: [ '2.0.1' ],
16 silly audit   unpipe: [ '1.0.0' ],
16 silly audit   'unrs-resolver': [ '1.11.1' ],
16 silly audit   upath: [ '1.2.0' ],
16 silly audit   'update-browserslist-db': [ '1.2.3' ],
16 silly audit   'update-notifier': [ '7.3.1' ],
16 silly audit   'uri-js': [ '4.4.1' ],
16 silly audit   'use-callback-ref': [ '1.3.3' ],
16 silly audit   'use-latest-callback': [ '0.2.6' ],
16 silly audit   'use-sidecar': [ '1.1.3' ],
16 silly audit   'use-sync-external-store': [ '1.6.0' ],
16 silly audit   'util-deprecate': [ '1.0.2' ],
16 silly audit   'utils-merge': [ '1.0.1' ],
16 silly audit   uuid: [ '8.3.2', '7.0.3' ],
16 silly audit   'validate-npm-package-license': [ '3.0.4' ],
16 silly audit   'validate-npm-package-name': [ '5.0.1' ],
16 silly audit   vary: [ '1.1.2' ],
16 silly audit   vaul: [ '1.1.2' ],
16 silly audit   vlq: [ '1.0.1' ],
16 silly audit   walker: [ '1.0.8' ],
16 silly audit   'warn-once': [ '0.1.1' ],
16 silly audit   wcwidth: [ '1.0.1' ],
16 silly audit   'webidl-conversions': [ '5.0.0', '3.0.1', '4.0.2' ],
16 silly audit   'webpack-cli': [ '6.0.1' ],
16 silly audit   'webpack-merge': [ '6.0.1' ],
16 silly audit   'webpack-sources': [ '1.4.3' ],
16 silly audit   'whatwg-fetch': [ '3.6.20' ],
16 silly audit   'whatwg-url': [ '5.0.0', '7.1.0' ],
16 silly audit   'whatwg-url-without-unicode': [ '8.0.0-3' ],
16 silly audit   'when-exit': [ '2.1.5' ],
16 silly audit   which: [ '2.0.2' ],
16 silly audit   'which-boxed-primitive': [ '1.1.1' ],
16 silly audit   'which-builtin-type': [ '1.2.1' ],
16 silly audit   'which-collection': [ '1.0.2' ],
16 silly audit   'which-typed-array': [ '1.1.20' ],
16 silly audit   'widest-line': [ '5.0.0' ],
16 silly audit   wildcard: [ '2.0.1' ],
16 silly audit   wonka: [ '6.3.6' ],
16 silly audit   'word-wrap': [ '1.2.5' ],
16 silly audit   'workbox-background-sync': [ '7.4.0' ],
16 silly audit   'workbox-broadcast-update': [ '7.4.0' ],
16 silly audit   'workbox-build': [ '7.4.0' ],
16 silly audit   'workbox-cacheable-response': [ '7.4.0' ],
16 silly audit   'workbox-cli': [ '7.4.0' ],
16 silly audit   'workbox-core': [ '7.4.0' ],
16 silly audit   'workbox-expiration': [ '7.4.0' ],
16 silly audit   'workbox-google-analytics': [ '7.4.0' ],
16 silly audit   'workbox-navigation-preload': [ '7.4.0' ],
16 silly audit   'workbox-precaching': [ '7.4.0' ],
16 silly audit   'workbox-range-requests': [ '7.4.0' ],
16 silly audit   'workbox-recipes': [ '7.4.0' ],
16 silly audit   'workbox-routing': [ '7.4.0' ],
16 silly audit   'workbox-strategies': [ '7.4.0' ],
16 silly audit   'workbox-streams': [ '7.4.0' ],
16 silly audit   'workbox-sw': [ '7.4.0' ],
16 silly audit   'workbox-webpack-plugin': [ '7.4.0' ],
16 silly audit   'workbox-window': [ '7.4.0' ],
16 silly audit   wrappy: [ '1.0.2' ],
16 silly audit   'write-file-atomic': [ '4.0.2' ],
16 silly audit   xcode: [ '3.0.1' ],
16 silly audit   'xdg-basedir': [ '5.1.0' ],
16 silly audit   xml2js: [ '0.6.0' ],
16 silly audit   y18n: [ '5.0.8' ],
16 silly audit   yaml: [ '2.8.3' ],
16 silly audit   yargs: [ '17.7.2' ],
16 silly audit   'yocto-queue': [ '0.1.0' ],
16 silly audit   zod: [ '4.3.6' ]
16 silly audit }
17 http fetch POST 200 https://registry.npmjs.org/-/npm/v1/security/advisories/bulk 322ms
18 silly audit report {
18 silly audit report   minimatch: [
18 silly audit report     {
18 silly audit report       id: 1113465,
18 silly audit report       url: 'https://github.com/advisories/GHSA-3ppc-4f35-3m26',
18 silly audit report       title: 'minimatch has a ReDoS via repeated wildcards with non-matching literal in pattern',
18 silly audit report       severity: 'high',
18 silly audit report       vulnerable_versions: '>=9.0.0 <9.0.6',
18 silly audit report       cwe: [Array],
18 silly audit report       cvss: [Object]
18 silly audit report     },
18 silly audit report     {
18 silly audit report       id: 1113544,
18 silly audit report       url: 'https://github.com/advisories/GHSA-7r86-cg39-jmmj',
18 silly audit report       title: 'minimatch has ReDoS: matchOne() combinatorial backtracking via multiple non-adjacent GLOBSTAR segments',
18 silly audit report       severity: 'high',
18 silly audit report       vulnerable_versions: '>=9.0.0 <9.0.7',
18 silly audit report       cwe: [Array],
18 silly audit report       cvss: [Object]
18 silly audit report     },
18 silly audit report     {
18 silly audit report       id: 1113552,
18 silly audit report       url: 'https://github.com/advisories/GHSA-23c5-xmqv-rm74',
18 silly audit report       title: 'minimatch ReDoS: nested *() extglobs generate catastrophically backtracking regular expressions',
18 silly audit report       severity: 'high',
18 silly audit report       vulnerable_versions: '>=9.0.0 <9.0.7',
18 silly audit report       cwe: [Array],
18 silly audit report       cvss: [Object]
18 silly audit report     }
18 silly audit report   ],
18 silly audit report   '@xmldom/xmldom': [
18 silly audit report     {
18 silly audit report       id: 1116960,
18 silly audit report       url: 'https://github.com/advisories/GHSA-2v35-w6hq-6mfw',
18 silly audit report       title: 'xmldom: Uncontrolled recursion in XML serialization leads to DoS',
18 silly audit report       severity: 'high',
18 silly audit report       vulnerable_versions: '<0.8.13',
18 silly audit report       cwe: [Array],
18 silly audit report       cvss: [Object]
18 silly audit report     },
18 silly audit report     {
18 silly audit report       id: 1116963,
18 silly audit report       url: 'https://github.com/advisories/GHSA-f6ww-3ggp-fr8h',
18 silly audit report       title: 'xmldom has XML injection through unvalidated DocumentType serialization',
18 silly audit report       severity: 'high',
18 silly audit report       vulnerable_versions: '<0.8.13',
18 silly audit report       cwe: [Array],
18 silly audit report       cvss: [Object]
18 silly audit report     },
18 silly audit report     {
18 silly audit report       id: 1116966,
18 silly audit report       url: 'https://github.com/advisories/GHSA-x6wf-f3px-wcqx',
18 silly audit report       title: 'xmldom has XML node injection through unvalidated processing instruction serialization',
18 silly audit report       severity: 'high',
18 silly audit report       vulnerable_versions: '<0.8.13',
18 silly audit report       cwe: [Array],
18 silly audit report       cvss: [Object]
18 silly audit report     },
18 silly audit report     {
18 silly audit report       id: 1116969,
18 silly audit report       url: 'https://github.com/advisories/GHSA-j759-j44w-7fr8',
18 silly audit report       title: 'xmldom has XML node injection through unvalidated comment serialization',
18 silly audit report       severity: 'high',
18 silly audit report       vulnerable_versions: '<0.8.13',
18 silly audit report       cwe: [Array],
18 silly audit report       cvss: [Object]
18 silly audit report     },
18 silly audit report     {
18 silly audit report       id: 1117097,
18 silly audit report       url: 'https://github.com/advisories/GHSA-wh4c-j3r5-mjhp',
18 silly audit report       title: 'xmldom: XML injection via unsafe CDATA serialization allows attacker-controlled markup insertion',
18 silly audit report       severity: 'high',
18 silly audit report       vulnerable_versions: '<0.8.12',
18 silly audit report       cwe: [Array],
18 silly audit report       cvss: [Object]
18 silly audit report     }
18 silly audit report   ],
18 silly audit report   postcss: [
18 silly audit report     {
18 silly audit report       id: 1117015,
18 silly audit report       url: 'https://github.com/advisories/GHSA-qx2v-qp2m-jg93',
18 silly audit report       title: 'PostCSS has XSS via Unescaped </style> in its CSS Stringify Output',
18 silly audit report       severity: 'moderate',
18 silly audit report       vulnerable_versions: '<8.5.10',
18 silly audit report       cwe: [Array],
18 silly audit report       cvss: [Object]
18 silly audit report     }
18 silly audit report   ],
18 silly audit report   'serialize-javascript': [
18 silly audit report     {
18 silly audit report       id: 1113686,
18 silly audit report       url: 'https://github.com/advisories/GHSA-5c6j-r48x-rmvq',
18 silly audit report       title: 'Serialize JavaScript is Vulnerable to RCE via RegExp.flags and Date.prototype.toISOString()',
18 silly audit report       severity: 'high',
18 silly audit report       vulnerable_versions: '<=7.0.2',
18 silly audit report       cwe: [Array],
18 silly audit report       cvss: [Object]
18 silly audit report     },
18 silly audit report     {
18 silly audit report       id: 1115723,
18 silly audit report       url: 'https://github.com/advisories/GHSA-qj8w-gfj5-8c6v',
18 silly audit report       title: 'Serialize JavaScript has CPU Exhaustion Denial of Service via crafted array-like objects',
18 silly audit report       severity: 'moderate',
18 silly audit report       vulnerable_versions: '<7.0.5',
18 silly audit report       cwe: [Array],
18 silly audit report       cvss: [Object]
18 silly audit report     }
18 silly audit report   ],
18 silly audit report   tmp: [
18 silly audit report     {
18 silly audit report       id: 1109537,
18 silly audit report       url: 'https://github.com/advisories/GHSA-52f5-9888-hmc6',
18 silly audit report       title: 'tmp allows arbitrary temporary file / directory write via symbolic link `dir` parameter',
18 silly audit report       severity: 'low',
18 silly audit report       vulnerable_versions: '<=0.2.3',
18 silly audit report       cwe: [Array],
18 silly audit report       cvss: [Object]
18 silly audit report     }
18 silly audit report   ],
18 silly audit report   uuid: [
18 silly audit report     {
18 silly audit report       id: 1116970,
18 silly audit report       url: 'https://github.com/advisories/GHSA-w5hq-g745-h8pq',
18 silly audit report       title: 'uuid: Missing buffer bounds check in v3/v5/v6 when buf is provided',
18 silly audit report       severity: 'moderate',
18 silly audit report       vulnerable_versions: '<14.0.0',
18 silly audit report       cwe: [Array],
18 silly audit report       cvss: [Object]
18 silly audit report     }
18 silly audit report   ]
18 silly audit report }
19 silly packumentCache corgi:https://registry.npmjs.org/minimatch cache-miss
20 silly packumentCache corgi:https://registry.npmjs.org/@xmldom%2fxmldom cache-miss
21 silly packumentCache corgi:https://registry.npmjs.org/postcss cache-miss
22 silly packumentCache corgi:https://registry.npmjs.org/serialize-javascript cache-miss
23 silly packumentCache corgi:https://registry.npmjs.org/tmp cache-miss
24 silly packumentCache corgi:https://registry.npmjs.org/uuid cache-miss
25 http cache https://registry.npmjs.org/@xmldom%2fxmldom 61ms (cache hit)
26 silly packumentCache corgi:https://registry.npmjs.org/@xmldom%2fxmldom set size:72976 disposed:false
27 http cache https://registry.npmjs.org/uuid 62ms (cache hit)
28 silly packumentCache corgi:https://registry.npmjs.org/uuid set size:72733 disposed:false
29 http cache https://registry.npmjs.org/postcss 65ms (cache hit)
30 silly packumentCache corgi:https://registry.npmjs.org/postcss set size:342185 disposed:false
31 http cache https://registry.npmjs.org/tmp 70ms (cache hit)
32 silly packumentCache corgi:https://registry.npmjs.org/tmp set size:23979 disposed:false
33 http cache https://registry.npmjs.org/serialize-javascript 72ms (cache hit)
34 silly packumentCache corgi:https://registry.npmjs.org/serialize-javascript set size:36142 disposed:false
35 http cache https://registry.npmjs.org/minimatch 77ms (cache hit)
36 silly packumentCache corgi:https://registry.npmjs.org/minimatch set size:168441 disposed:false
37 silly packumentCache corgi:https://registry.npmjs.org/@typescript-eslint%2ftypescript-estree cache-miss
38 http cache https://registry.npmjs.org/@typescript-eslint%2ftypescript-estree 23ms (cache hit)
39 silly packumentCache corgi:https://registry.npmjs.org/@typescript-eslint%2ftypescript-estree set size:8627579 disposed:false
40 silly packumentCache corgi:https://registry.npmjs.org/@expo%2fplist cache-miss
41 http cache https://registry.npmjs.org/@expo%2fplist 3ms (cache hit)
42 silly packumentCache corgi:https://registry.npmjs.org/@expo%2fplist set size:135957 disposed:false
43 silly packumentCache corgi:https://registry.npmjs.org/@expo%2fmetro-config cache-miss
44 http cache https://registry.npmjs.org/@expo%2fmetro-config 6ms (cache hit)
45 silly packumentCache corgi:https://registry.npmjs.org/@expo%2fmetro-config set size:533587 disposed:false
46 silly packumentCache corgi:https://registry.npmjs.org/@rollup%2fplugin-terser cache-miss
47 http cache https://registry.npmjs.org/@rollup%2fplugin-terser 4ms (cache hit)
48 silly packumentCache corgi:https://registry.npmjs.org/@rollup%2fplugin-terser set size:14515 disposed:false
49 silly packumentCache corgi:https://registry.npmjs.org/external-editor cache-miss
50 http cache https://registry.npmjs.org/external-editor 3ms (cache hit)
51 silly packumentCache corgi:https://registry.npmjs.org/external-editor set size:17808 disposed:false
52 silly packumentCache corgi:https://registry.npmjs.org/@bacons%2fxcode cache-miss
53 silly packumentCache corgi:https://registry.npmjs.org/xcode cache-miss
54 http cache https://registry.npmjs.org/@bacons%2fxcode 5ms (cache hit)
55 silly packumentCache corgi:https://registry.npmjs.org/@bacons%2fxcode set size:32546 disposed:false
56 http cache https://registry.npmjs.org/xcode 12ms (cache hit)
57 silly packumentCache corgi:https://registry.npmjs.org/xcode set size:1850340 disposed:false
58 silly packumentCache corgi:https://registry.npmjs.org/@typescript-eslint%2futils cache-miss
59 silly packumentCache corgi:https://registry.npmjs.org/@typescript-eslint%2fparser cache-miss
60 silly packumentCache corgi:https://registry.npmjs.org/@typescript-eslint%2ftype-utils cache-miss
61 http cache https://registry.npmjs.org/@typescript-eslint%2fparser 32ms (cache hit)
62 silly packumentCache corgi:https://registry.npmjs.org/@typescript-eslint%2fparser set size:8016640 disposed:false
63 http cache https://registry.npmjs.org/@typescript-eslint%2futils 125ms (cache hit)
64 silly packumentCache corgi:https://registry.npmjs.org/@typescript-eslint%2futils set size:4637872 disposed:false
65 http cache https://registry.npmjs.org/@typescript-eslint%2ftype-utils 175ms (cache hit)
66 silly packumentCache corgi:https://registry.npmjs.org/@typescript-eslint%2ftype-utils set size:4636788 disposed:false
67 silly packumentCache corgi:https://registry.npmjs.org/@expo%2fcli cache-miss
68 silly packumentCache corgi:https://registry.npmjs.org/expo cache-miss
69 http cache https://registry.npmjs.org/@expo%2fcli 8ms (cache hit)
70 silly packumentCache corgi:https://registry.npmjs.org/@expo%2fcli set size:1498044 disposed:false
71 http cache https://registry.npmjs.org/expo 22ms (cache hit)
72 silly packumentCache corgi:https://registry.npmjs.org/expo set size:1677401 disposed:false
73 silly packumentCache corgi:https://registry.npmjs.org/workbox-build cache-miss
74 http cache https://registry.npmjs.org/workbox-build 8ms (cache hit)
75 silly packumentCache corgi:https://registry.npmjs.org/workbox-build set size:192745 disposed:false
76 silly packumentCache corgi:https://registry.npmjs.org/inquirer cache-miss
77 http cache https://registry.npmjs.org/inquirer 3ms (cache hit)
78 silly packumentCache corgi:https://registry.npmjs.org/inquirer set size:264154 disposed:false
79 silly packumentCache corgi:https://registry.npmjs.org/@bacons%2fapple-targets cache-miss
80 http cache https://registry.npmjs.org/@bacons%2fapple-targets 3ms (cache hit)
81 silly packumentCache corgi:https://registry.npmjs.org/@bacons%2fapple-targets set size:40630 disposed:false
82 silly packumentCache corgi:https://registry.npmjs.org/@expo%2fconfig-plugins cache-miss
83 http cache https://registry.npmjs.org/@expo%2fconfig-plugins 3ms (cache hit)
84 silly packumentCache corgi:https://registry.npmjs.org/@expo%2fconfig-plugins set size:389308 disposed:false
85 silly packumentCache corgi:https://registry.npmjs.org/@typescript-eslint%2feslint-plugin cache-miss
86 http cache https://registry.npmjs.org/@typescript-eslint%2feslint-plugin 50ms (cache hit)
87 silly packumentCache corgi:https://registry.npmjs.org/@typescript-eslint%2feslint-plugin set size:9532337 disposed:false
88 silly packumentCache corgi:https://registry.npmjs.org/workbox-cli cache-miss
89 silly packumentCache corgi:https://registry.npmjs.org/workbox-webpack-plugin cache-miss
90 http cache https://registry.npmjs.org/workbox-webpack-plugin 4ms (cache hit)
91 silly packumentCache corgi:https://registry.npmjs.org/workbox-webpack-plugin set size:135389 disposed:false
92 http cache https://registry.npmjs.org/workbox-cli 7ms (cache hit)
93 silly packumentCache corgi:https://registry.npmjs.org/workbox-cli set size:148513 disposed:false
94 silly packumentCache corgi:https://registry.npmjs.org/@expo%2fprebuild-config cache-miss
95 silly packumentCache corgi:https://registry.npmjs.org/@expo%2fconfig cache-miss
96 http cache https://registry.npmjs.org/@expo%2fconfig 11ms (cache hit)
97 silly packumentCache corgi:https://registry.npmjs.org/@expo%2fconfig set size:519425 disposed:false
98 http cache https://registry.npmjs.org/@expo%2fprebuild-config 15ms (cache hit)
99 silly packumentCache corgi:https://registry.npmjs.org/@expo%2fprebuild-config set size:351473 disposed:false
100 silly packumentCache corgi:https://registry.npmjs.org/expo-constants cache-miss
101 http cache https://registry.npmjs.org/expo-constants 11ms (cache hit)
102 silly packumentCache corgi:https://registry.npmjs.org/expo-constants set size:263942 disposed:false
103 silly packumentCache corgi:https://registry.npmjs.org/expo-splash-screen cache-miss
104 http cache https://registry.npmjs.org/expo-splash-screen 5ms (cache hit)
105 silly packumentCache corgi:https://registry.npmjs.org/expo-splash-screen set size:254740 disposed:false
106 silly packumentCache corgi:https://registry.npmjs.org/expo-asset cache-miss
107 silly packumentCache corgi:https://registry.npmjs.org/expo-linking cache-miss
108 http cache https://registry.npmjs.org/expo-linking 11ms (cache hit)
109 silly packumentCache corgi:https://registry.npmjs.org/expo-linking set size:190631 disposed:false
110 http cache https://registry.npmjs.org/expo-asset 14ms (cache hit)
111 silly packumentCache corgi:https://registry.npmjs.org/expo-asset set size:278651 disposed:false
112 silly REMOVE node_modules/expo-barcode-generator
113 silly REMOVE node_modules/expo-barcode-generator/node_modules/react-native-svg
114 verbose cwd /expo-project
115 verbose os Linux 4.4.0
116 verbose node v22.22.1
117 verbose npm  v11.11.0
118 verbose exit 0
119 info ok
