0 verbose cli /usr/bin/node /usr/bin/npm
1 info using npm@11.11.0
2 info using node@v22.22.1
3 silly config load:file:/usr/lib/node_modules/npm/npmrc
4 silly config load:file:/expo-project/.npmrc
5 silly config load:file:/usr/etc/npmrc
6 verbose title npm install expo-barcode-generator@^5.0.0 expo-camera@~16.0.18
7 verbose argv "install" "expo-barcode-generator@^5.0.0" "expo-camera@~16.0.18"
8 verbose logfile logs-max:10 dir:/expo-project/.npm/_logs/2026-04-28T22_15_37_519Z-
9 verbose logfile /expo-project/.npm/_logs/2026-04-28T22_15_37_519Z-debug-0.log
10 warn Unknown user config "node-linker". This will stop working in the next major version of npm. See `npm help npmrc` for supported config options.
11 silly logfile done cleaning log files
12 silly packumentCache heap:4345298944 maxSize:1086324736 maxEntrySize:543162368
13 http fetch GET 200 https://registry.npmjs.org/npm 455ms
14 silly idealTree buildDeps
15 silly fetch manifest expo-barcode-generator@^5.0.0
16 silly packumentCache full:https://registry.npmjs.org/expo-barcode-generator cache-miss
17 http fetch GET 200 https://registry.npmjs.org/expo-barcode-generator 150ms (cache miss)
18 silly packumentCache full:https://registry.npmjs.org/expo-barcode-generator set size:undefined disposed:false
19 silly fetch manifest expo-camera@~16.0.18
20 silly packumentCache full:https://registry.npmjs.org/expo-camera cache-miss
21 http fetch GET 200 https://registry.npmjs.org/expo-camera 65ms (cache miss)
22 silly packumentCache full:https://registry.npmjs.org/expo-camera set size:undefined disposed:false
23 silly fetch manifest expo@~54.0.1
24 silly packumentCache full:https://registry.npmjs.org/expo cache-miss
25 http fetch GET 200 https://registry.npmjs.org/expo 113ms (cache miss)
26 silly packumentCache full:https://registry.npmjs.org/expo set size:undefined disposed:false
27 silly fetch manifest @expo/dom-webview@*
28 silly packumentCache full:https://registry.npmjs.org/@expo%2fdom-webview cache-miss
29 http fetch GET 200 https://registry.npmjs.org/@expo%2fdom-webview 246ms (cache miss)
30 silly packumentCache full:https://registry.npmjs.org/@expo%2fdom-webview set size:undefined disposed:false
31 silly fetch manifest react@19.1.0
32 silly packumentCache full:https://registry.npmjs.org/react cache-miss
33 http fetch GET 200 https://registry.npmjs.org/react 203ms (cache miss)
34 silly packumentCache full:https://registry.npmjs.org/react set size:undefined disposed:false
35 silly fetch manifest react-native@0.81.4
36 silly packumentCache full:https://registry.npmjs.org/react-native cache-miss
37 http fetch GET 200 https://registry.npmjs.org/react-native 260ms (cache miss)
38 silly packumentCache full:https://registry.npmjs.org/react-native set size:undefined disposed:false
39 silly fetch manifest @types/react@~19.1.12
40 silly packumentCache full:https://registry.npmjs.org/@types%2freact cache-miss
41 http fetch GET 200 https://registry.npmjs.org/@types%2freact 138ms (cache miss)
42 silly packumentCache full:https://registry.npmjs.org/@types%2freact set size:undefined disposed:false
43 silly fetch manifest @expo/metro-runtime@~6.1.1
44 silly packumentCache full:https://registry.npmjs.org/@expo%2fmetro-runtime cache-miss
45 http fetch GET 200 https://registry.npmjs.org/@expo%2fmetro-runtime 57ms (cache miss)
46 silly packumentCache full:https://registry.npmjs.org/@expo%2fmetro-runtime set size:undefined disposed:false
47 silly fetch manifest react-dom@19.1.0
48 silly packumentCache full:https://registry.npmjs.org/react-dom cache-miss
49 http fetch GET 200 https://registry.npmjs.org/react-dom 205ms (cache miss)
50 silly packumentCache full:https://registry.npmjs.org/react-dom set size:undefined disposed:false
51 silly fetch manifest react-native-webview@^13.15.0
52 silly packumentCache full:https://registry.npmjs.org/react-native-webview cache-miss
53 http fetch GET 200 https://registry.npmjs.org/react-native-webview 51ms (cache miss)
54 silly packumentCache full:https://registry.npmjs.org/react-native-webview set size:undefined disposed:false
55 silly fetch manifest react-native-web@~0.21.1
56 silly packumentCache full:https://registry.npmjs.org/react-native-web cache-miss
57 http fetch GET 200 https://registry.npmjs.org/react-native-web 52ms (cache miss)
58 silly packumentCache full:https://registry.npmjs.org/react-native-web set size:undefined disposed:false
59 silly placeDep ROOT expo-barcode-generator@ OK for: Newly@1.0.0 want: ^5.0.0
60 silly placeDep ROOT expo-camera@16.0.18 OK for: Newly@1.0.0 want: ~16.0.18
61 silly fetch manifest @expo/prebuild-config@^54.0.8
62 silly packumentCache full:https://registry.npmjs.org/@expo%2fprebuild-config cache-miss
63 http fetch GET 200 https://registry.npmjs.org/@expo%2fprebuild-config 66ms (cache miss)
64 silly packumentCache full:https://registry.npmjs.org/@expo%2fprebuild-config set size:undefined disposed:false
65 silly fetch manifest expo@*
66 silly packumentCache full:https://registry.npmjs.org/expo cache-miss
67 http cache https://registry.npmjs.org/expo 14ms (cache hit)
68 silly packumentCache full:https://registry.npmjs.org/expo set size:3659127 disposed:false
69 silly fetch manifest react@*
70 silly packumentCache full:https://registry.npmjs.org/react cache-miss
71 http cache https://registry.npmjs.org/react 18ms (cache hit)
72 silly packumentCache full:https://registry.npmjs.org/react set size:6629670 disposed:false
73 silly fetch manifest react-native@*
74 silly packumentCache full:https://registry.npmjs.org/react-native cache-miss
75 http cache https://registry.npmjs.org/react-native 41ms (cache hit)
76 silly packumentCache full:https://registry.npmjs.org/react-native set size:15197044 disposed:false
77 silly fetch manifest @react-native/jest-preset@0.85.2
78 silly packumentCache full:https://registry.npmjs.org/@react-native%2fjest-preset cache-miss
79 http fetch GET 200 https://registry.npmjs.org/@react-native%2fjest-preset 52ms (cache miss)
80 silly packumentCache full:https://registry.npmjs.org/@react-native%2fjest-preset set size:undefined disposed:false
81 silly fetch manifest @types/react@^19.1.1
82 silly packumentCache full:https://registry.npmjs.org/@types%2freact cache-miss
83 http cache https://registry.npmjs.org/@types%2freact 8ms (cache hit)
84 silly packumentCache full:https://registry.npmjs.org/@types%2freact set size:2588964 disposed:false
85 silly fetch manifest @expo/metro-runtime@*
86 silly packumentCache full:https://registry.npmjs.org/@expo%2fmetro-runtime cache-miss
87 http cache https://registry.npmjs.org/@expo%2fmetro-runtime 4ms (cache hit)
88 silly packumentCache full:https://registry.npmjs.org/@expo%2fmetro-runtime set size:632184 disposed:false
89 silly fetch manifest react-dom@*
90 silly packumentCache full:https://registry.npmjs.org/react-dom cache-miss
91 http cache https://registry.npmjs.org/react-dom 21ms (cache hit)
92 silly packumentCache full:https://registry.npmjs.org/react-dom set size:8832788 disposed:false
93 silly fetch manifest react-native-webview@*
94 silly packumentCache full:https://registry.npmjs.org/react-native-webview cache-miss
95 http cache https://registry.npmjs.org/react-native-webview 6ms (cache hit)
96 silly packumentCache full:https://registry.npmjs.org/react-native-webview set size:1355349 disposed:false
97 silly placeDep node_modules/@expo/cli @expo/prebuild-config@54.0.8 OK for: @expo/cli@54.0.23 want: ^54.0.8
98 silly fetch manifest @expo/config-types@^54.0.10
99 silly packumentCache full:https://registry.npmjs.org/@expo%2fconfig-types cache-miss
100 silly fetch manifest @react-native/normalize-colors@0.81.5
101 silly packumentCache full:https://registry.npmjs.org/@react-native%2fnormalize-colors cache-miss
102 http fetch GET 200 https://registry.npmjs.org/@expo%2fconfig-types 60ms (cache miss)
103 silly packumentCache full:https://registry.npmjs.org/@expo%2fconfig-types set size:undefined disposed:false
104 http fetch GET 200 https://registry.npmjs.org/@react-native%2fnormalize-colors 116ms (cache miss)
105 silly packumentCache full:https://registry.npmjs.org/@react-native%2fnormalize-colors set size:undefined disposed:false
106 silly fetch manifest react@^18.0.0
107 silly packumentCache full:https://registry.npmjs.org/react cache-miss
108 http cache https://registry.npmjs.org/react 14ms (cache hit)
109 silly packumentCache full:https://registry.npmjs.org/react set size:6629670 disposed:false
110 silly fetch manifest react-dom@^18.0.0
111 silly packumentCache full:https://registry.npmjs.org/react-dom cache-miss
112 http cache https://registry.npmjs.org/react-dom 19ms (cache hit)
113 silly packumentCache full:https://registry.npmjs.org/react-dom set size:8832788 disposed:false
114 warn ERESOLVE overriding peer dependency {
114 warn ERESOLVE   code: 'ERESOLVE',
114 warn ERESOLVE   edge: {
114 warn ERESOLVE     type: 'peer',
114 warn ERESOLVE     name: 'react',
114 warn ERESOLVE     spec: '^18.0.0',
114 warn ERESOLVE     error: 'INVALID',
114 warn ERESOLVE     from: {
114 warn ERESOLVE       name: '@react-leaflet/core',
114 warn ERESOLVE       version: '2.1.0',
114 warn ERESOLVE       location: 'node_modules/@react-leaflet/core',
114 warn ERESOLVE       isWorkspace: false,
114 warn ERESOLVE       dependents: [Array]
114 warn ERESOLVE     }
114 warn ERESOLVE   },
114 warn ERESOLVE   dep: {
114 warn ERESOLVE     name: 'react',
114 warn ERESOLVE     version: '18.3.1',
114 warn ERESOLVE     whileInstalling: {
114 warn ERESOLVE       name: '@react-leaflet/core',
114 warn ERESOLVE       version: '2.1.0',
114 warn ERESOLVE       path: '/expo-project/node_modules/@react-leaflet/core'
114 warn ERESOLVE     },
114 warn ERESOLVE     location: 'node_modules/react',
114 warn ERESOLVE     isWorkspace: false,
114 warn ERESOLVE     dependents: [ [Object] ]
114 warn ERESOLVE   },
114 warn ERESOLVE   force: false,
114 warn ERESOLVE   isMine: false,
114 warn ERESOLVE   strictPeerDeps: false,
114 warn ERESOLVE   current: {
114 warn ERESOLVE     name: 'react',
114 warn ERESOLVE     version: '19.1.0',
114 warn ERESOLVE     location: 'node_modules/react',
114 warn ERESOLVE     isWorkspace: false,
114 warn ERESOLVE     dependents: [
114 warn ERESOLVE       [Object], [Object], [Object], [Object], [Object],
114 warn ERESOLVE       [Object], [Object], [Object], [Object], [Object],
114 warn ERESOLVE       [Object], [Object], [Object], [Object], [Object],
114 warn ERESOLVE       [Object], [Object], [Object], [Object], [Object],
114 warn ERESOLVE       [Object], [Object], [Object], [Object], [Object],
114 warn ERESOLVE       [Object], [Object], [Object], [Object], [Object],
114 warn ERESOLVE       [Object], [Object], [Object], [Object], [Object],
114 warn ERESOLVE       [Object], [Object], [Object], [Object], [Object],
114 warn ERESOLVE       [Object], [Object], [Object], [Object], [Object],
114 warn ERESOLVE       [Object], [Object], [Object], [Object], [Object],
114 warn ERESOLVE       [Object], [Object], [Object], [Object], [Object],
114 warn ERESOLVE       [Object], [Object], [Object], [Object], [Object],
114 warn ERESOLVE       [Object], [Object], [Object], [Object], [Object],
114 warn ERESOLVE       [Object], [Object], [Object], [Object], [Object],
114 warn ERESOLVE       [Object], [Object], [Object], [Object]
114 warn ERESOLVE     ]
114 warn ERESOLVE   },
114 warn ERESOLVE   peerConflict: {
114 warn ERESOLVE     current: {
114 warn ERESOLVE       name: 'react',
114 warn ERESOLVE       version: '19.1.0',
114 warn ERESOLVE       location: 'node_modules/react',
114 warn ERESOLVE       isWorkspace: false,
114 warn ERESOLVE       dependents: [Array]
114 warn ERESOLVE     },
114 warn ERESOLVE     peer: {
114 warn ERESOLVE       name: 'react',
114 warn ERESOLVE       version: '18.3.1',
114 warn ERESOLVE       whileInstalling: [Object],
114 warn ERESOLVE       location: 'node_modules/react',
114 warn ERESOLVE       isWorkspace: false,
114 warn ERESOLVE       dependents: [Array]
114 warn ERESOLVE     }
114 warn ERESOLVE   }
114 warn ERESOLVE }
115 warn ERESOLVE overriding peer dependency {
115 warn ERESOLVE   code: 'ERESOLVE',
115 warn ERESOLVE   edge: {
115 warn ERESOLVE     type: 'peer',
115 warn ERESOLVE     name: 'react-dom',
115 warn ERESOLVE     spec: '^18.0.0',
115 warn ERESOLVE     error: 'INVALID',
115 warn ERESOLVE     from: {
115 warn ERESOLVE       name: '@react-leaflet/core',
115 warn ERESOLVE       version: '2.1.0',
115 warn ERESOLVE       location: 'node_modules/@react-leaflet/core',
115 warn ERESOLVE       isWorkspace: false,
115 warn ERESOLVE       dependents: [Array]
115 warn ERESOLVE     }
115 warn ERESOLVE   },
115 warn ERESOLVE   dep: {
115 warn ERESOLVE     name: 'react-dom',
115 warn ERESOLVE     version: '18.3.1',
115 warn ERESOLVE     whileInstalling: {
115 warn ERESOLVE       name: '@react-leaflet/core',
115 warn ERESOLVE       version: '2.1.0',
115 warn ERESOLVE       path: '/expo-project/node_modules/@react-leaflet/core'
115 warn ERESOLVE     },
115 warn ERESOLVE     location: 'node_modules/react-dom',
115 warn ERESOLVE     isWorkspace: false,
115 warn ERESOLVE     dependents: [ [Object] ]
115 warn ERESOLVE   },
115 warn ERESOLVE   force: false,
115 warn ERESOLVE   isMine: false,
115 warn ERESOLVE   strictPeerDeps: false,
115 warn ERESOLVE   current: {
115 warn ERESOLVE     name: 'react-dom',
115 warn ERESOLVE     version: '19.1.0',
115 warn ERESOLVE     location: 'node_modules/react-dom',
115 warn ERESOLVE     isWorkspace: false,
115 warn ERESOLVE     dependents: [
115 warn ERESOLVE       [Object], [Object],
115 warn ERESOLVE       [Object], [Object],
115 warn ERESOLVE       [Object], [Object],
115 warn ERESOLVE       [Object], [Object],
115 warn ERESOLVE       [Object], [Object],
115 warn ERESOLVE       [Object], [Object],
115 warn ERESOLVE       [Object], [Object],
115 warn ERESOLVE       [Object], [Object],
115 warn ERESOLVE       [Object]
115 warn ERESOLVE     ]
115 warn ERESOLVE   },
115 warn ERESOLVE   peerConflict: {
115 warn ERESOLVE     current: {
115 warn ERESOLVE       name: 'react-dom',
115 warn ERESOLVE       version: '19.1.0',
115 warn ERESOLVE       location: 'node_modules/react-dom',
115 warn ERESOLVE       isWorkspace: false,
115 warn ERESOLVE       dependents: [Array]
115 warn ERESOLVE     },
115 warn ERESOLVE     peer: {
115 warn ERESOLVE       name: 'react-dom',
115 warn ERESOLVE       version: '18.3.1',
115 warn ERESOLVE       whileInstalling: [Object],
115 warn ERESOLVE       location: 'node_modules/react-dom',
115 warn ERESOLVE       isWorkspace: false,
115 warn ERESOLVE       dependents: [Array]
115 warn ERESOLVE     }
115 warn ERESOLVE   }
115 warn ERESOLVE }
116 silly fetch manifest fsevents@~2.3.2
117 silly packumentCache full:https://registry.npmjs.org/fsevents cache-miss
118 http fetch GET 200 https://registry.npmjs.org/fsevents 29ms (cache miss)
119 silly packumentCache full:https://registry.npmjs.org/fsevents set size:undefined disposed:false
120 silly placeDep ROOT fsevents@2.3.3 OK for: chokidar@3.6.0 want: ~2.3.2
121 silly fetch manifest eslint@^9.24.0
122 silly packumentCache full:https://registry.npmjs.org/eslint cache-miss
123 http fetch GET 200 https://registry.npmjs.org/eslint 83ms (cache miss)
124 silly packumentCache full:https://registry.npmjs.org/eslint set size:undefined disposed:false
125 silly fetch manifest jiti@*
126 silly packumentCache full:https://registry.npmjs.org/jiti cache-miss
127 http fetch GET 200 https://registry.npmjs.org/jiti 42ms (cache miss)
128 silly packumentCache full:https://registry.npmjs.org/jiti set size:undefined disposed:false
129 silly placeDep node_modules/eslint-plugin-expo eslint@9.39.4 OK for: eslint-plugin-expo@1.0.0 want: ^9.24.0
130 silly fetch manifest ajv@^6.14.0
131 silly packumentCache full:https://registry.npmjs.org/ajv cache-miss
132 silly fetch manifest espree@^10.4.0
133 silly packumentCache full:https://registry.npmjs.org/espree cache-miss
134 silly fetch manifest find-up@^5.0.0
135 silly packumentCache full:https://registry.npmjs.org/find-up cache-miss
136 silly fetch manifest @eslint/core@^0.17.0
137 silly packumentCache full:https://registry.npmjs.org/@eslint%2fcore cache-miss
138 silly fetch manifest eslint-scope@^8.4.0
139 silly packumentCache full:https://registry.npmjs.org/eslint-scope cache-miss
140 silly fetch manifest @humanfs/node@^0.16.6
141 silly packumentCache full:https://registry.npmjs.org/@humanfs%2fnode cache-miss
142 silly fetch manifest @eslint/eslintrc@^3.3.5
143 silly packumentCache full:https://registry.npmjs.org/@eslint%2feslintrc cache-miss
144 silly fetch manifest file-entry-cache@^8.0.0
145 silly packumentCache full:https://registry.npmjs.org/file-entry-cache cache-miss
146 silly fetch manifest @eslint/plugin-kit@^0.4.1
147 silly packumentCache full:https://registry.npmjs.org/@eslint%2fplugin-kit cache-miss
148 silly fetch manifest eslint-visitor-keys@^4.2.1
149 silly packumentCache full:https://registry.npmjs.org/eslint-visitor-keys cache-miss
150 silly fetch manifest @eslint/config-array@^0.21.2
151 silly packumentCache full:https://registry.npmjs.org/@eslint%2fconfig-array cache-miss
152 silly fetch manifest @humanwhocodes/retry@^0.4.2
153 silly packumentCache full:https://registry.npmjs.org/@humanwhocodes%2fretry cache-miss
154 silly fetch manifest @eslint/config-helpers@^0.4.2
155 silly packumentCache full:https://registry.npmjs.org/@eslint%2fconfig-helpers cache-miss
156 http fetch GET 200 https://registry.npmjs.org/espree 54ms (cache miss)
157 silly packumentCache full:https://registry.npmjs.org/espree set size:undefined disposed:false
158 http fetch GET 200 https://registry.npmjs.org/eslint-visitor-keys 62ms (cache miss)
159 silly packumentCache full:https://registry.npmjs.org/eslint-visitor-keys set size:undefined disposed:false
160 http fetch GET 200 https://registry.npmjs.org/file-entry-cache 73ms (cache miss)
161 silly packumentCache full:https://registry.npmjs.org/file-entry-cache set size:undefined disposed:false
162 http fetch GET 200 https://registry.npmjs.org/ajv 81ms (cache miss)
163 silly packumentCache full:https://registry.npmjs.org/ajv set size:undefined disposed:false
164 http fetch GET 200 https://registry.npmjs.org/@humanwhocodes%2fretry 94ms (cache miss)
165 silly packumentCache full:https://registry.npmjs.org/@humanwhocodes%2fretry set size:undefined disposed:false
166 http fetch GET 200 https://registry.npmjs.org/find-up 99ms (cache miss)
167 silly packumentCache full:https://registry.npmjs.org/find-up set size:undefined disposed:false
168 http fetch GET 200 https://registry.npmjs.org/@eslint%2fconfig-array 98ms (cache miss)
169 silly packumentCache full:https://registry.npmjs.org/@eslint%2fconfig-array set size:undefined disposed:false
170 http fetch GET 200 https://registry.npmjs.org/@eslint%2feslintrc 103ms (cache miss)
171 silly packumentCache full:https://registry.npmjs.org/@eslint%2feslintrc set size:undefined disposed:false
172 http fetch GET 200 https://registry.npmjs.org/@humanfs%2fnode 106ms (cache miss)
173 silly packumentCache full:https://registry.npmjs.org/@humanfs%2fnode set size:undefined disposed:false
174 http fetch GET 200 https://registry.npmjs.org/@eslint%2fcore 107ms (cache miss)
175 silly packumentCache full:https://registry.npmjs.org/@eslint%2fcore set size:undefined disposed:false
176 http fetch GET 200 https://registry.npmjs.org/@eslint%2fplugin-kit 150ms (cache miss)
177 silly packumentCache full:https://registry.npmjs.org/@eslint%2fplugin-kit set size:undefined disposed:false
178 http fetch GET 200 https://registry.npmjs.org/@eslint%2fconfig-helpers 265ms (cache miss)
179 silly packumentCache full:https://registry.npmjs.org/@eslint%2fconfig-helpers set size:undefined disposed:false
180 http fetch GET 200 https://registry.npmjs.org/eslint-scope 350ms (cache miss)
181 silly packumentCache full:https://registry.npmjs.org/eslint-scope set size:undefined disposed:false
182 silly placeDep node_modules/expo-splash-screen @expo/prebuild-config@54.0.8 OK for: expo-splash-screen@31.0.13 want: ^54.0.8
183 silly fetch manifest picomatch@^3 || ^4
184 silly packumentCache full:https://registry.npmjs.org/picomatch cache-miss
185 http fetch GET 200 https://registry.npmjs.org/picomatch 28ms (cache miss)
186 silly packumentCache full:https://registry.npmjs.org/picomatch set size:undefined disposed:false
187 silly placeDep ROOT picomatch@4.0.4 REPLACE for: fdir@6.5.0 want: ^3 || ^4
188 silly fetch manifest picomatch@^2.2.2
189 silly packumentCache full:https://registry.npmjs.org/picomatch cache-miss
190 http cache https://registry.npmjs.org/picomatch 2ms (cache hit)
191 silly packumentCache full:https://registry.npmjs.org/picomatch set size:126376 disposed:false
192 silly placeDep node_modules/@rollup/pluginutils picomatch@2.3.2 OK for: @rollup/pluginutils@3.1.0 want: ^2.2.2
193 silly fetch manifest picomatch@^2.0.4
194 silly packumentCache full:https://registry.npmjs.org/picomatch cache-hit
195 silly placeDep node_modules/anymatch picomatch@2.3.2 OK for: anymatch@3.1.3 want: ^2.0.4
196 silly fetch manifest picomatch@^2.2.3
197 silly packumentCache full:https://registry.npmjs.org/picomatch cache-hit
198 silly placeDep node_modules/jest-util picomatch@2.3.2 OK for: jest-util@29.7.0 want: ^2.2.3
199 silly fetch manifest lightningcss-darwin-x64@1.32.0
200 silly packumentCache full:https://registry.npmjs.org/lightningcss-darwin-x64 cache-miss
201 http fetch GET 200 https://registry.npmjs.org/lightningcss-darwin-x64 33ms (cache miss)
202 silly packumentCache full:https://registry.npmjs.org/lightningcss-darwin-x64 set size:undefined disposed:false
203 silly fetch manifest lightningcss-win32-x64-msvc@1.32.0
204 silly packumentCache full:https://registry.npmjs.org/lightningcss-win32-x64-msvc cache-miss
205 http fetch GET 200 https://registry.npmjs.org/lightningcss-win32-x64-msvc 34ms (cache miss)
206 silly packumentCache full:https://registry.npmjs.org/lightningcss-win32-x64-msvc set size:undefined disposed:false
207 silly fetch manifest lightningcss-win32-arm64-msvc@1.32.0
208 silly packumentCache full:https://registry.npmjs.org/lightningcss-win32-arm64-msvc cache-miss
209 http fetch GET 200 https://registry.npmjs.org/lightningcss-win32-arm64-msvc 37ms (cache miss)
210 silly packumentCache full:https://registry.npmjs.org/lightningcss-win32-arm64-msvc set size:undefined disposed:false
211 silly fetch manifest lightningcss-darwin-arm64@1.32.0
212 silly packumentCache full:https://registry.npmjs.org/lightningcss-darwin-arm64 cache-miss
213 http fetch GET 200 https://registry.npmjs.org/lightningcss-darwin-arm64 34ms (cache miss)
214 silly packumentCache full:https://registry.npmjs.org/lightningcss-darwin-arm64 set size:undefined disposed:false
215 silly fetch manifest lightningcss-linux-arm64-gnu@1.32.0
216 silly packumentCache full:https://registry.npmjs.org/lightningcss-linux-arm64-gnu cache-miss
217 http fetch GET 200 https://registry.npmjs.org/lightningcss-linux-arm64-gnu 24ms (cache miss)
218 silly packumentCache full:https://registry.npmjs.org/lightningcss-linux-arm64-gnu set size:undefined disposed:false
219 silly fetch manifest lightningcss-linux-arm-gnueabihf@1.32.0
220 silly packumentCache full:https://registry.npmjs.org/lightningcss-linux-arm-gnueabihf cache-miss
221 http fetch GET 200 https://registry.npmjs.org/lightningcss-linux-arm-gnueabihf 44ms (cache miss)
222 silly packumentCache full:https://registry.npmjs.org/lightningcss-linux-arm-gnueabihf set size:undefined disposed:false
223 silly fetch manifest lightningcss-linux-arm64-musl@1.32.0
224 silly packumentCache full:https://registry.npmjs.org/lightningcss-linux-arm64-musl cache-miss
225 http fetch GET 200 https://registry.npmjs.org/lightningcss-linux-arm64-musl 50ms (cache miss)
226 silly packumentCache full:https://registry.npmjs.org/lightningcss-linux-arm64-musl set size:undefined disposed:false
227 silly fetch manifest lightningcss-linux-x64-musl@1.32.0
228 silly packumentCache full:https://registry.npmjs.org/lightningcss-linux-x64-musl cache-miss
229 http fetch GET 200 https://registry.npmjs.org/lightningcss-linux-x64-musl 53ms (cache miss)
230 silly packumentCache full:https://registry.npmjs.org/lightningcss-linux-x64-musl set size:undefined disposed:false
231 silly fetch manifest lightningcss-freebsd-x64@1.32.0
232 silly packumentCache full:https://registry.npmjs.org/lightningcss-freebsd-x64 cache-miss
233 http fetch GET 200 https://registry.npmjs.org/lightningcss-freebsd-x64 37ms (cache miss)
234 silly packumentCache full:https://registry.npmjs.org/lightningcss-freebsd-x64 set size:undefined disposed:false
235 silly fetch manifest lightningcss-android-arm64@1.32.0
236 silly packumentCache full:https://registry.npmjs.org/lightningcss-android-arm64 cache-miss
237 http fetch GET 200 https://registry.npmjs.org/lightningcss-android-arm64 45ms (cache miss)
238 silly packumentCache full:https://registry.npmjs.org/lightningcss-android-arm64 set size:undefined disposed:false
239 silly placeDep ROOT lightningcss-android-arm64@1.32.0 OK for: lightningcss@1.32.0 want: 1.32.0
240 silly placeDep ROOT lightningcss-darwin-arm64@1.32.0 OK for: lightningcss@1.32.0 want: 1.32.0
241 silly placeDep ROOT lightningcss-darwin-x64@1.32.0 OK for: lightningcss@1.32.0 want: 1.32.0
242 silly placeDep ROOT lightningcss-freebsd-x64@1.32.0 OK for: lightningcss@1.32.0 want: 1.32.0
243 silly placeDep ROOT lightningcss-linux-arm-gnueabihf@1.32.0 OK for: lightningcss@1.32.0 want: 1.32.0
244 silly placeDep ROOT lightningcss-linux-arm64-gnu@1.32.0 OK for: lightningcss@1.32.0 want: 1.32.0
245 silly placeDep ROOT lightningcss-linux-arm64-musl@1.32.0 OK for: lightningcss@1.32.0 want: 1.32.0
246 silly placeDep ROOT lightningcss-linux-x64-musl@1.32.0 OK for: lightningcss@1.32.0 want: 1.32.0
247 silly placeDep ROOT lightningcss-win32-arm64-msvc@1.32.0 OK for: lightningcss@1.32.0 want: 1.32.0
248 silly placeDep ROOT lightningcss-win32-x64-msvc@1.32.0 OK for: lightningcss@1.32.0 want: 1.32.0
249 silly fetch manifest picomatch@^2.3.1
250 silly packumentCache full:https://registry.npmjs.org/picomatch cache-hit
251 silly placeDep node_modules/micromatch picomatch@2.3.2 OK for: micromatch@4.0.8 want: ^2.3.1
252 verbose stack Error: could not resolve
252 verbose stack     at PlaceDep.failPeerConflict (/usr/lib/node_modules/npm/node_modules/@npmcli/arborist/lib/place-dep.js:503:25)
252 verbose stack     at new PlaceDep (/usr/lib/node_modules/npm/node_modules/@npmcli/arborist/lib/place-dep.js:157:21)
252 verbose stack     at #buildDepStep (/usr/lib/node_modules/npm/node_modules/@npmcli/arborist/lib/arborist/build-ideal-tree.js:933:18)
252 verbose stack     at async Arborist.buildIdealTree (/usr/lib/node_modules/npm/node_modules/@npmcli/arborist/lib/arborist/build-ideal-tree.js:170:7)
252 verbose stack     at async Promise.all (index 1)
252 verbose stack     at async Arborist.reify (/usr/lib/node_modules/npm/node_modules/@npmcli/arborist/lib/arborist/reify.js:110:5)
252 verbose stack     at async Install.exec (/usr/lib/node_modules/npm/lib/commands/install.js:152:5)
252 verbose stack     at async Npm.exec (/usr/lib/node_modules/npm/lib/npm.js:209:9)
252 verbose stack     at async module.exports (/usr/lib/node_modules/npm/lib/cli/entry.js:67:5)
253 error code ERESOLVE
254 error ERESOLVE could not resolve
255 error
256 error While resolving: react-leaflet@4.2.1
256 error Found: react@19.1.0
256 error node_modules/react
256 error   peerOptional react@"^18.0.0 || ^19.0.0" from better-auth@1.6.9
256 error   node_modules/better-auth
256 error     peer better-auth@"^1.6.9" from @better-auth/expo@1.6.9
256 error     node_modules/@better-auth/expo
256 error       @better-auth/expo@"^1.3.34" from the root project
256 error     better-auth@"^1.3.34" from the root project
256 error   peer react@"*" from expo@54.0.33
256 error   node_modules/expo
256 error     peerOptional expo@"*" from babel-preset-expo@54.0.10
256 error     node_modules/babel-preset-expo
256 error       babel-preset-expo@"~54.0.10" from expo@54.0.33
256 error     peer expo@"*" from expo-apple-authentication@8.0.8
256 error     node_modules/expo-apple-authentication
256 error       expo-apple-authentication@"~8.0.8" from the root project
256 error     28 more (expo-blur, expo-asset, expo-constants, expo-file-system, ...)
256 error   72 more (expo-blur, expo-asset, expo-font, expo-glass-effect, ...)
256 error
256 error Could not resolve dependency:
256 error peer react@"^18.0.0" from react-leaflet@4.2.1
256 error node_modules/react-leaflet
256 error   react-leaflet@"^4.2.1" from the root project
256 error
256 error Conflicting peer dependency: react@18.3.1
256 error node_modules/react
256 error   peer react@"^18.0.0" from react-leaflet@4.2.1
256 error   node_modules/react-leaflet
256 error     react-leaflet@"^4.2.1" from the root project
256 error
256 error Fix the upstream dependency conflict, or retry
256 error this command with --force or --legacy-peer-deps
256 error to accept an incorrect (and potentially broken) dependency resolution.
257 error
257 error
257 error For a full report see:
257 error /expo-project/.npm/_logs/2026-04-28T22_15_37_519Z-eresolve-report.txt
258 silly unfinished npm timer reify 1777414537877
259 silly unfinished npm timer reify:loadTrees 1777414537878
260 silly unfinished npm timer idealTree:buildDeps 1777414539576
261 silly unfinished npm timer idealTree:node_modules/react-leaflet 1777414543317
262 verbose cwd /expo-project
263 verbose os Linux 4.4.0
264 verbose node v22.22.1
265 verbose npm  v11.11.0
266 notice
266 notice New minor version of npm available! 11.11.0 -> 11.13.0
266 notice Changelog: https://github.com/npm/cli/releases/tag/v11.13.0
266 notice To update run: npm install -g npm@11.13.0
266 notice  { force: true, [Symbol(proc-log.meta)]: true }
267 verbose exit 1
268 verbose code 1
269 error A complete log of this run can be found in: /expo-project/.npm/_logs/2026-04-28T22_15_37_519Z-debug-0.log
